{"/home/travis/build/npmtest/node-npmtest-jasmine/test.js":{"path":"/home/travis/build/npmtest/node-npmtest-jasmine/test.js","s":{"1":2,"2":2,"3":2,"4":2,"5":2,"6":2,"7":2,"8":1,"9":2,"10":2,"11":1,"12":1,"13":1,"14":1,"15":2,"16":2,"17":2,"18":2,"19":1,"20":1,"21":2,"22":2,"23":2,"24":1,"25":1,"26":1,"27":1,"28":1,"29":1,"30":1,"31":1,"32":1,"33":1,"34":1,"35":1,"36":2,"37":2,"38":1,"39":2,"40":2,"41":1,"42":2,"43":2,"44":1,"45":1,"46":1,"47":1,"48":1},"b":{"1":[2,1,1,1],"2":[1,1,1,1],"3":[1,1],"4":[1,1],"5":[1,1],"6":[1,1],"7":[1,1],"8":[1,1],"9":[1,1,1],"10":[1,1],"11":[1,1],"12":[1,1],"13":[1,1],"14":[1,1],"15":[1,1]},"f":{"1":2,"2":2,"3":2,"4":2,"5":2,"6":1,"7":1,"8":2,"9":2,"10":2,"11":1},"fnMap":{"1":{"name":"(anonymous_1)","line":12,"loc":{"start":{"line":12,"column":1},"end":{"line":12,"column":13}}},"2":{"name":"(anonymous_2)","line":19,"loc":{"start":{"line":19,"column":5},"end":{"line":19,"column":17}}},"3":{"name":"(anonymous_3)","line":23,"loc":{"start":{"line":23,"column":24},"end":{"line":23,"column":36}}},"4":{"name":"(anonymous_4)","line":61,"loc":{"start":{"line":61,"column":5},"end":{"line":61,"column":17}}},"5":{"name":"(anonymous_5)","line":82,"loc":{"start":{"line":82,"column":5},"end":{"line":82,"column":17}}},"6":{"name":"(anonymous_6)","line":102,"loc":{"start":{"line":102,"column":83},"end":{"line":105,"column":10}},"skip":true},"7":{"name":"(anonymous_7)","line":113,"loc":{"start":{"line":113,"column":77},"end":{"line":116,"column":10}},"skip":true},"8":{"name":"(anonymous_8)","line":127,"loc":{"start":{"line":127,"column":77},"end":{"line":130,"column":10}},"skip":true},"9":{"name":"(anonymous_9)","line":138,"loc":{"start":{"line":138,"column":83},"end":{"line":141,"column":10}},"skip":true},"10":{"name":"(anonymous_10)","line":149,"loc":{"start":{"line":149,"column":79},"end":{"line":152,"column":10}},"skip":true},"11":{"name":"(anonymous_11)","line":160,"loc":{"start":{"line":160,"column":75},"end":{"line":163,"column":10}},"skip":true}},"statementMap":{"1":{"start":{"line":12,"column":0},"end":{"line":175,"column":5}},"2":{"start":{"line":14,"column":4},"end":{"line":14,"column":14}},"3":{"start":{"line":19,"column":4},"end":{"line":56,"column":9}},"4":{"start":{"line":21,"column":8},"end":{"line":21,"column":19}},"5":{"start":{"line":23,"column":8},"end":{"line":35,"column":13}},"6":{"start":{"line":24,"column":12},"end":{"line":34,"column":13}},"7":{"start":{"line":25,"column":16},"end":{"line":28,"column":30}},"8":{"start":{"line":30,"column":16},"end":{"line":33,"column":27}},"9":{"start":{"line":37,"column":8},"end":{"line":39,"column":21}},"10":{"start":{"line":40,"column":8},"end":{"line":53,"column":9}},"11":{"start":{"line":43,"column":12},"end":{"line":46,"column":14}},"12":{"start":{"line":47,"column":12},"end":{"line":47,"column":18}},"13":{"start":{"line":50,"column":12},"end":{"line":51,"column":46}},"14":{"start":{"line":52,"column":12},"end":{"line":52,"column":18}},"15":{"start":{"line":55,"column":8},"end":{"line":55,"column":35}},"16":{"start":{"line":61,"column":4},"end":{"line":63,"column":9}},"17":{"start":{"line":62,"column":8},"end":{"line":62,"column":15}},"18":{"start":{"line":64,"column":4},"end":{"line":77,"column":5}},"19":{"start":{"line":70,"column":8},"end":{"line":70,"column":14}},"20":{"start":{"line":76,"column":8},"end":{"line":76,"column":14}},"21":{"start":{"line":82,"column":4},"end":{"line":84,"column":9}},"22":{"start":{"line":83,"column":8},"end":{"line":83,"column":15}},"23":{"start":{"line":85,"column":4},"end":{"line":174,"column":5}},"24":{"start":{"line":92,"column":8},"end":{"line":94,"column":63}},"25":{"start":{"line":95,"column":8},"end":{"line":95,"column":14}},"26":{"start":{"line":102,"column":8},"end":{"line":111,"column":10},"skip":true},"27":{"start":{"line":109,"column":12},"end":{"line":109,"column":55},"skip":true},"28":{"start":{"line":110,"column":12},"end":{"line":110,"column":48},"skip":true},"29":{"start":{"line":113,"column":8},"end":{"line":125,"column":10},"skip":true},"30":{"start":{"line":120,"column":12},"end":{"line":120,"column":76},"skip":true},"31":{"start":{"line":121,"column":12},"end":{"line":121,"column":73},"skip":true},"32":{"start":{"line":122,"column":12},"end":{"line":122,"column":74},"skip":true},"33":{"start":{"line":123,"column":12},"end":{"line":123,"column":25},"skip":true},"34":{"start":{"line":124,"column":12},"end":{"line":124,"column":45},"skip":true},"35":{"start":{"line":127,"column":8},"end":{"line":136,"column":10},"skip":true},"36":{"start":{"line":134,"column":12},"end":{"line":134,"column":25},"skip":true},"37":{"start":{"line":135,"column":12},"end":{"line":135,"column":45},"skip":true},"38":{"start":{"line":138,"column":8},"end":{"line":147,"column":10},"skip":true},"39":{"start":{"line":145,"column":12},"end":{"line":145,"column":25},"skip":true},"40":{"start":{"line":146,"column":12},"end":{"line":146,"column":48},"skip":true},"41":{"start":{"line":149,"column":8},"end":{"line":158,"column":10},"skip":true},"42":{"start":{"line":156,"column":12},"end":{"line":156,"column":25},"skip":true},"43":{"start":{"line":157,"column":12},"end":{"line":157,"column":46},"skip":true},"44":{"start":{"line":160,"column":8},"end":{"line":169,"column":10},"skip":true},"45":{"start":{"line":167,"column":12},"end":{"line":167,"column":94},"skip":true},"46":{"start":{"line":168,"column":12},"end":{"line":168,"column":48},"skip":true},"47":{"start":{"line":172,"column":8},"end":{"line":172,"column":35},"skip":true},"48":{"start":{"line":173,"column":8},"end":{"line":173,"column":14},"skip":true}},"branchMap":{"1":{"line":25,"type":"binary-expr","locations":[{"start":{"line":25,"column":23},"end":{"line":25,"column":62}},{"start":{"line":26,"column":20},"end":{"line":26,"column":70}},{"start":{"line":27,"column":20},"end":{"line":27,"column":71}},{"start":{"line":28,"column":20},"end":{"line":28,"column":29}}]},"2":{"line":30,"type":"binary-expr","locations":[{"start":{"line":30,"column":23},"end":{"line":30,"column":37}},{"start":{"line":31,"column":20},"end":{"line":31,"column":61}},{"start":{"line":32,"column":20},"end":{"line":32,"column":70}},{"start":{"line":33,"column":20},"end":{"line":33,"column":26}}]},"3":{"line":37,"type":"cond-expr","locations":[{"start":{"line":38,"column":14},"end":{"line":38,"column":20}},{"start":{"line":39,"column":14},"end":{"line":39,"column":20}}]},"4":{"line":40,"type":"switch","locations":[{"start":{"line":42,"column":8},"end":{"line":47,"column":18}},{"start":{"line":49,"column":8},"end":{"line":52,"column":18}}]},"5":{"line":44,"type":"binary-expr","locations":[{"start":{"line":44,"column":16},"end":{"line":44,"column":44}},{"start":{"line":44,"column":48},"end":{"line":44,"column":66}}]},"6":{"line":50,"type":"binary-expr","locations":[{"start":{"line":50,"column":21},"end":{"line":50,"column":49}},{"start":{"line":50,"column":53},"end":{"line":50,"column":72}}]},"7":{"line":64,"type":"switch","locations":[{"start":{"line":69,"column":4},"end":{"line":70,"column":14}},{"start":{"line":75,"column":4},"end":{"line":76,"column":14}}]},"8":{"line":85,"type":"switch","locations":[{"start":{"line":90,"column":4},"end":{"line":95,"column":14}},{"start":{"line":101,"column":4},"end":{"line":173,"column":14},"skip":true}]},"9":{"line":92,"type":"binary-expr","locations":[{"start":{"line":92,"column":18},"end":{"line":92,"column":32}},{"start":{"line":93,"column":12},"end":{"line":93,"column":53}},{"start":{"line":94,"column":12},"end":{"line":94,"column":61}}]},"10":{"line":102,"type":"binary-expr","locations":[{"start":{"line":102,"column":45},"end":{"line":102,"column":79},"skip":true},{"start":{"line":102,"column":83},"end":{"line":111,"column":9},"skip":true}]},"11":{"line":113,"type":"binary-expr","locations":[{"start":{"line":113,"column":42},"end":{"line":113,"column":73},"skip":true},{"start":{"line":113,"column":77},"end":{"line":125,"column":9},"skip":true}]},"12":{"line":127,"type":"binary-expr","locations":[{"start":{"line":127,"column":42},"end":{"line":127,"column":73},"skip":true},{"start":{"line":127,"column":77},"end":{"line":136,"column":9},"skip":true}]},"13":{"line":138,"type":"binary-expr","locations":[{"start":{"line":138,"column":45},"end":{"line":138,"column":79},"skip":true},{"start":{"line":138,"column":83},"end":{"line":147,"column":9},"skip":true}]},"14":{"line":149,"type":"binary-expr","locations":[{"start":{"line":149,"column":43},"end":{"line":149,"column":75},"skip":true},{"start":{"line":149,"column":79},"end":{"line":158,"column":9},"skip":true}]},"15":{"line":160,"type":"binary-expr","locations":[{"start":{"line":160,"column":41},"end":{"line":160,"column":71},"skip":true},{"start":{"line":160,"column":75},"end":{"line":169,"column":9},"skip":true}]}},"code":["/* istanbul instrument in package npmtest_jasmine */","/*jslint","    bitwise: true,","    browser: true,","    maxerr: 8,","    maxlen: 96,","    node: true,","    nomen: true,","    regexp: true,","    stupid: true","*/","(function () {","    'use strict';","    var local;","","","","    // run shared js-env code - pre-init","    (function () {","        // init local","        local = {};","        // init modeJs","        local.modeJs = (function () {","            try {","                return typeof navigator.userAgent === 'string' &&","                    typeof document.querySelector('body') === 'object' &&","                    typeof XMLHttpRequest.prototype.open === 'function' &&","                    'browser';","            } catch (errorCaughtBrowser) {","                return module.exports &&","                    typeof process.versions.node === 'string' &&","                    typeof require('http').createServer === 'function' &&","                    'node';","            }","        }());","        // init global","        local.global = local.modeJs === 'browser'","            ? window","            : global;","        switch (local.modeJs) {","        // re-init local from window.local","        case 'browser':","            local = local.global.utility2.objectSetDefault(","                local.global.utility2_rollup || local.global.local,","                local.global.utility2","            );","            break;","        // re-init local from example.js","        case 'node':","            local = (local.global.utility2_rollup || require('utility2'))","                .requireExampleJsFromReadme();","            break;","        }","        // export local","        local.global.local = local;","    }());","","","","    // run shared js-env code - function","    (function () {","        return;","    }());","    switch (local.modeJs) {","","","","    // run browser js-env code - function","    case 'browser':","        break;","","","","    // run node js-env code - function","    case 'node':","        break;","    }","","","","    // run shared js-env code - post-init","    (function () {","        return;","    }());","    switch (local.modeJs) {","","","","    // run browser js-env code - post-init","    case 'browser':","        // run tests","        local.nop(local.modeTest &&","            document.querySelector('#testRunButton1') &&","            document.querySelector('#testRunButton1').click());","        break;","","","","    // run node js-env code - post-init","    /* istanbul ignore next */","    case 'node':","        local.testCase_buildApidoc_default = local.testCase_buildApidoc_default || function (","            options,","            onError","        ) {","        /*","         * this function will test buildApidoc's default handling-behavior-behavior","         */","            options = { modulePathList: module.paths };","            local.buildApidoc(options, onError);","        };","","        local.testCase_buildApp_default = local.testCase_buildApp_default || function (","            options,","            onError","        ) {","        /*","         * this function will test buildApp's default handling-behavior-behavior","         */","            local.testCase_buildReadme_default(options, local.onErrorThrow);","            local.testCase_buildLib_default(options, local.onErrorThrow);","            local.testCase_buildTest_default(options, local.onErrorThrow);","            options = [];","            local.buildApp(options, onError);","        };","","        local.testCase_buildLib_default = local.testCase_buildLib_default || function (","            options,","            onError","        ) {","        /*","         * this function will test buildLib's default handling-behavior","         */","            options = {};","            local.buildLib(options, onError);","        };","","        local.testCase_buildReadme_default = local.testCase_buildReadme_default || function (","            options,","            onError","        ) {","        /*","         * this function will test buildReadme's default handling-behavior-behavior","         */","            options = {};","            local.buildReadme(options, onError);","        };","","        local.testCase_buildTest_default = local.testCase_buildTest_default || function (","            options,","            onError","        ) {","        /*","         * this function will test buildTest's default handling-behavior","         */","            options = {};","            local.buildTest(options, onError);","        };","","        local.testCase_webpage_default = local.testCase_webpage_default || function (","            options,","            onError","        ) {","        /*","         * this function will test webpage's default handling-behavior","         */","            options = { modeCoverageMerge: true, url: local.serverLocalHost + '?modeTest=1' };","            local.browserTest(options, onError);","        };","","        // run test-server","        local.testRunServer(local);","        break;","    }","}());",""],"l":{"12":2,"14":2,"19":2,"21":2,"23":2,"24":2,"25":2,"30":1,"37":2,"40":2,"43":1,"47":1,"50":1,"52":1,"55":2,"61":2,"62":2,"64":2,"70":1,"76":1,"82":2,"83":2,"85":2,"92":1,"95":1,"102":1,"109":1,"110":1,"113":1,"120":1,"121":1,"122":1,"123":1,"124":1,"127":1,"134":2,"135":2,"138":1,"145":2,"146":2,"149":1,"156":2,"157":2,"160":1,"167":1,"168":1,"172":1,"173":1}},"/home/travis/build/npmtest/node-npmtest-jasmine/lib.npmtest_jasmine.js":{"path":"/home/travis/build/npmtest/node-npmtest-jasmine/lib.npmtest_jasmine.js","s":{"1":2,"2":2,"3":2,"4":2,"5":2,"6":2,"7":2,"8":1,"9":2,"10":2,"11":2,"12":2,"13":1,"14":1,"15":1,"16":1},"b":{"1":[2,1,1,1],"2":[1,1,1,1],"3":[1,1],"4":[2,2],"5":[1,1]},"f":{"1":2,"2":2,"3":2},"fnMap":{"1":{"name":"(anonymous_1)","line":12,"loc":{"start":{"line":12,"column":1},"end":{"line":12,"column":13}}},"2":{"name":"(anonymous_2)","line":19,"loc":{"start":{"line":19,"column":5},"end":{"line":19,"column":17}}},"3":{"name":"(anonymous_3)","line":23,"loc":{"start":{"line":23,"column":24},"end":{"line":23,"column":36}}}},"statementMap":{"1":{"start":{"line":12,"column":0},"end":{"line":53,"column":5}},"2":{"start":{"line":14,"column":4},"end":{"line":14,"column":14}},"3":{"start":{"line":19,"column":4},"end":{"line":52,"column":9}},"4":{"start":{"line":21,"column":8},"end":{"line":21,"column":19}},"5":{"start":{"line":23,"column":8},"end":{"line":35,"column":13}},"6":{"start":{"line":24,"column":12},"end":{"line":34,"column":13}},"7":{"start":{"line":25,"column":16},"end":{"line":28,"column":30}},"8":{"start":{"line":30,"column":16},"end":{"line":33,"column":27}},"9":{"start":{"line":37,"column":8},"end":{"line":39,"column":21}},"10":{"start":{"line":41,"column":8},"end":{"line":41,"column":54}},"11":{"start":{"line":43,"column":8},"end":{"line":43,"column":52}},"12":{"start":{"line":45,"column":8},"end":{"line":51,"column":9}},"13":{"start":{"line":46,"column":12},"end":{"line":46,"column":58}},"14":{"start":{"line":48,"column":12},"end":{"line":48,"column":35}},"15":{"start":{"line":49,"column":12},"end":{"line":49,"column":49}},"16":{"start":{"line":50,"column":12},"end":{"line":50,"column":43}}},"branchMap":{"1":{"line":25,"type":"binary-expr","locations":[{"start":{"line":25,"column":23},"end":{"line":25,"column":62}},{"start":{"line":26,"column":20},"end":{"line":26,"column":70}},{"start":{"line":27,"column":20},"end":{"line":27,"column":71}},{"start":{"line":28,"column":20},"end":{"line":28,"column":29}}]},"2":{"line":30,"type":"binary-expr","locations":[{"start":{"line":30,"column":23},"end":{"line":30,"column":37}},{"start":{"line":31,"column":20},"end":{"line":31,"column":61}},{"start":{"line":32,"column":20},"end":{"line":32,"column":70}},{"start":{"line":33,"column":20},"end":{"line":33,"column":26}}]},"3":{"line":37,"type":"cond-expr","locations":[{"start":{"line":38,"column":14},"end":{"line":38,"column":20}},{"start":{"line":39,"column":14},"end":{"line":39,"column":20}}]},"4":{"line":41,"type":"binary-expr","locations":[{"start":{"line":41,"column":16},"end":{"line":41,"column":44}},{"start":{"line":41,"column":48},"end":{"line":41,"column":53}}]},"5":{"line":45,"type":"if","locations":[{"start":{"line":45,"column":8},"end":{"line":45,"column":8}},{"start":{"line":45,"column":8},"end":{"line":45,"column":8}}]}},"code":["/* istanbul instrument in package npmtest_jasmine */","/*jslint","    bitwise: true,","    browser: true,","    maxerr: 8,","    maxlen: 96,","    node: true,","    nomen: true,","    regexp: true,","    stupid: true","*/","(function () {","    'use strict';","    var local;","","","","    // run shared js-env code - pre-init","    (function () {","        // init local","        local = {};","        // init modeJs","        local.modeJs = (function () {","            try {","                return typeof navigator.userAgent === 'string' &&","                    typeof document.querySelector('body') === 'object' &&","                    typeof XMLHttpRequest.prototype.open === 'function' &&","                    'browser';","            } catch (errorCaughtBrowser) {","                return module.exports &&","                    typeof process.versions.node === 'string' &&","                    typeof require('http').createServer === 'function' &&","                    'node';","            }","        }());","        // init global","        local.global = local.modeJs === 'browser'","            ? window","            : global;","        // init utility2_rollup","        local = local.global.utility2_rollup || local;","        // init lib","        local.local = local.npmtest_jasmine = local;","        // init exports","        if (local.modeJs === 'browser') {","            local.global.utility2_npmtest_jasmine = local;","        } else {","            module.exports = local;","            module.exports.__dirname = __dirname;","            module.exports.module = module;","        }","    }());","}());",""],"l":{"12":2,"14":2,"19":2,"21":2,"23":2,"24":2,"25":2,"30":1,"37":2,"41":2,"43":2,"45":2,"46":1,"48":1,"49":1,"50":1}},"/home/travis/build/npmtest/node-npmtest-jasmine/example.js":{"path":"/home/travis/build/npmtest/node-npmtest-jasmine/example.js","s":{"1":2,"2":2,"3":2,"4":2,"5":2,"6":2,"7":2,"8":1,"9":2,"10":2,"11":2,"12":2,"13":1,"14":2,"15":2,"16":2,"17":2,"18":2,"19":0,"20":2,"21":1,"22":1,"23":1,"24":1,"25":1,"26":0,"27":0,"28":1,"29":1,"30":2,"31":0,"32":0,"33":0,"34":1,"35":2,"36":2,"37":2,"38":2,"39":2,"40":2,"41":0,"42":2,"43":2,"44":2,"45":1,"46":3,"47":1,"48":1,"49":1,"50":1,"51":1,"52":1,"53":1,"54":1,"55":1,"56":1,"57":0,"58":1,"59":6,"60":6,"61":1,"62":2,"63":0,"64":2,"65":1,"66":1,"67":0,"68":0,"69":0,"70":0,"71":0,"72":0,"73":0,"74":0,"75":0,"76":0,"77":0,"78":0,"79":0,"80":0,"81":0,"82":0,"83":0},"b":{"1":[2,1,1,1],"2":[1,1,1,1],"3":[1,1],"4":[2,2],"5":[1,1],"6":[1,1],"7":[2,0],"8":[2,1,1,1,1,1],"9":[0,2,0],"10":[1,1],"11":[2,1,1],"12":[1,0],"13":[0,2],"14":[2,0,0,0,0,0,0],"15":[0,2],"16":[2,0],"17":[1,1],"18":[0,1],"19":[1,2,0,2],"20":[1,0],"21":[1,1],"22":[0,0],"23":[0,0],"24":[0,0],"25":[0,0],"26":[0,0],"27":[0,0],"28":[0,0]},"f":{"1":2,"2":2,"3":2,"4":2,"5":2,"6":2,"7":2,"8":2,"9":3,"10":1,"11":6,"12":0},"fnMap":{"1":{"name":"(anonymous_1)","line":26,"loc":{"start":{"line":26,"column":1},"end":{"line":26,"column":13}}},"2":{"name":"(anonymous_2)","line":33,"loc":{"start":{"line":33,"column":5},"end":{"line":33,"column":17}}},"3":{"name":"(anonymous_3)","line":37,"loc":{"start":{"line":37,"column":24},"end":{"line":37,"column":36}}},"4":{"name":"(anonymous_4)","line":69,"loc":{"start":{"line":69,"column":31},"end":{"line":69,"column":48}},"skip":true},"5":{"name":"(anonymous_5)","line":78,"loc":{"start":{"line":78,"column":26},"end":{"line":78,"column":45}},"skip":true},"6":{"name":"(anonymous_6)","line":123,"loc":{"start":{"line":123,"column":33},"end":{"line":123,"column":48}},"skip":true},"7":{"name":"(anonymous_7)","line":125,"loc":{"start":{"line":125,"column":27},"end":{"line":125,"column":39}},"skip":true},"8":{"name":"(anonymous_8)","line":133,"loc":{"start":{"line":133,"column":59},"end":{"line":133,"column":74}},"skip":true},"9":{"name":"(anonymous_9)","line":143,"loc":{"start":{"line":143,"column":45},"end":{"line":143,"column":62}},"skip":true},"10":{"name":"(anonymous_10)","line":144,"loc":{"start":{"line":144,"column":73},"end":{"line":144,"column":92}},"skip":true},"11":{"name":"(anonymous_11)","line":272,"loc":{"start":{"line":272,"column":51},"end":{"line":272,"column":77}},"skip":true},"12":{"name":"(anonymous_12)","line":314,"loc":{"start":{"line":314,"column":32},"end":{"line":314,"column":61}},"skip":true}},"statementMap":{"1":{"start":{"line":26,"column":0},"end":{"line":325,"column":5}},"2":{"start":{"line":28,"column":4},"end":{"line":28,"column":14}},"3":{"start":{"line":33,"column":4},"end":{"line":60,"column":9}},"4":{"start":{"line":35,"column":8},"end":{"line":35,"column":19}},"5":{"start":{"line":37,"column":8},"end":{"line":49,"column":13}},"6":{"start":{"line":38,"column":12},"end":{"line":48,"column":13}},"7":{"start":{"line":39,"column":16},"end":{"line":42,"column":30}},"8":{"start":{"line":44,"column":16},"end":{"line":47,"column":27}},"9":{"start":{"line":51,"column":8},"end":{"line":53,"column":21}},"10":{"start":{"line":55,"column":8},"end":{"line":57,"column":45}},"11":{"start":{"line":59,"column":8},"end":{"line":59,"column":35}},"12":{"start":{"line":61,"column":4},"end":{"line":324,"column":5}},"13":{"start":{"line":69,"column":8},"end":{"line":121,"column":10},"skip":true},"14":{"start":{"line":70,"column":12},"end":{"line":88,"column":13},"skip":true},"15":{"start":{"line":76,"column":16},"end":{"line":87,"column":19},"skip":true},"16":{"start":{"line":79,"column":20},"end":{"line":86,"column":21},"skip":true},"17":{"start":{"line":82,"column":24},"end":{"line":82,"column":43},"skip":true},"18":{"start":{"line":83,"column":24},"end":{"line":83,"column":30},"skip":true},"19":{"start":{"line":85,"column":24},"end":{"line":85,"column":49},"skip":true},"20":{"start":{"line":89,"column":12},"end":{"line":107,"column":13},"skip":true},"21":{"start":{"line":92,"column":16},"end":{"line":102,"column":17},"skip":true},"22":{"start":{"line":93,"column":20},"end":{"line":93,"column":86},"skip":true},"23":{"start":{"line":94,"column":20},"end":{"line":95,"column":45},"skip":true},"24":{"start":{"line":96,"column":20},"end":{"line":96,"column":42},"skip":true},"25":{"start":{"line":97,"column":20},"end":{"line":97,"column":48},"skip":true},"26":{"start":{"line":100,"column":20},"end":{"line":100,"column":85},"skip":true},"27":{"start":{"line":101,"column":20},"end":{"line":101,"column":96},"skip":true},"28":{"start":{"line":103,"column":16},"end":{"line":103,"column":22},"skip":true},"29":{"start":{"line":106,"column":16},"end":{"line":106,"column":22},"skip":true},"30":{"start":{"line":108,"column":12},"end":{"line":120,"column":13},"skip":true},"31":{"start":{"line":114,"column":16},"end":{"line":119,"column":17},"skip":true},"32":{"start":{"line":116,"column":20},"end":{"line":116,"column":78},"skip":true},"33":{"start":{"line":118,"column":20},"end":{"line":118,"column":53},"skip":true},"34":{"start":{"line":123,"column":8},"end":{"line":141,"column":11},"skip":true},"35":{"start":{"line":124,"column":12},"end":{"line":124,"column":54},"skip":true},"36":{"start":{"line":125,"column":12},"end":{"line":140,"column":14},"skip":true},"37":{"start":{"line":126,"column":16},"end":{"line":126,"column":28},"skip":true},"38":{"start":{"line":127,"column":16},"end":{"line":127,"column":69},"skip":true},"39":{"start":{"line":128,"column":16},"end":{"line":128,"column":75},"skip":true},"40":{"start":{"line":129,"column":16},"end":{"line":131,"column":17},"skip":true},"41":{"start":{"line":130,"column":20},"end":{"line":130,"column":27},"skip":true},"42":{"start":{"line":133,"column":16},"end":{"line":137,"column":36},"skip":true},"43":{"start":{"line":134,"column":20},"end":{"line":136,"column":55},"skip":true},"44":{"start":{"line":139,"column":16},"end":{"line":139,"column":57},"skip":true},"45":{"start":{"line":143,"column":8},"end":{"line":147,"column":11},"skip":true},"46":{"start":{"line":144,"column":12},"end":{"line":146,"column":15},"skip":true},"47":{"start":{"line":145,"column":16},"end":{"line":145,"column":70},"skip":true},"48":{"start":{"line":149,"column":8},"end":{"line":149,"column":31},"skip":true},"49":{"start":{"line":150,"column":8},"end":{"line":150,"column":14},"skip":true},"50":{"start":{"line":158,"column":8},"end":{"line":158,"column":31},"skip":true},"51":{"start":{"line":160,"column":8},"end":{"line":160,"column":33},"skip":true},"52":{"start":{"line":161,"column":8},"end":{"line":161,"column":37},"skip":true},"53":{"start":{"line":162,"column":8},"end":{"line":162,"column":35},"skip":true},"54":{"start":{"line":164,"column":8},"end":{"line":164,"column":50},"skip":true},"55":{"start":{"line":166,"column":8},"end":{"line":256,"column":2},"skip":true},"56":{"start":{"line":258,"column":8},"end":{"line":286,"column":9},"skip":true},"57":{"start":{"line":259,"column":12},"end":{"line":269,"column":14},"skip":true},"58":{"start":{"line":271,"column":12},"end":{"line":285,"column":19},"skip":true},"59":{"start":{"line":274,"column":20},"end":{"line":274,"column":35},"skip":true},"60":{"start":{"line":275,"column":20},"end":{"line":284,"column":21},"skip":true},"61":{"start":{"line":277,"column":24},"end":{"line":277,"column":64},"skip":true},"62":{"start":{"line":279,"column":24},"end":{"line":279,"column":40},"skip":true},"63":{"start":{"line":281,"column":24},"end":{"line":281,"column":40},"skip":true},"64":{"start":{"line":283,"column":24},"end":{"line":283,"column":39},"skip":true},"65":{"start":{"line":288,"column":8},"end":{"line":290,"column":9},"skip":true},"66":{"start":{"line":289,"column":12},"end":{"line":289,"column":18},"skip":true},"67":{"start":{"line":291,"column":8},"end":{"line":293,"column":54},"skip":true},"68":{"start":{"line":294,"column":8},"end":{"line":301,"column":37},"skip":true},"69":{"start":{"line":302,"column":8},"end":{"line":302,"column":82},"skip":true},"70":{"start":{"line":305,"column":8},"end":{"line":307,"column":9},"skip":true},"71":{"start":{"line":306,"column":12},"end":{"line":306,"column":82},"skip":true},"72":{"start":{"line":309,"column":8},"end":{"line":311,"column":9},"skip":true},"73":{"start":{"line":310,"column":12},"end":{"line":310,"column":18},"skip":true},"74":{"start":{"line":312,"column":8},"end":{"line":312,"column":54},"skip":true},"75":{"start":{"line":313,"column":8},"end":{"line":313,"column":69},"skip":true},"76":{"start":{"line":314,"column":8},"end":{"line":322,"column":36},"skip":true},"77":{"start":{"line":315,"column":12},"end":{"line":315,"column":61},"skip":true},"78":{"start":{"line":316,"column":12},"end":{"line":319,"column":13},"skip":true},"79":{"start":{"line":317,"column":16},"end":{"line":317,"column":75},"skip":true},"80":{"start":{"line":318,"column":16},"end":{"line":318,"column":23},"skip":true},"81":{"start":{"line":320,"column":12},"end":{"line":320,"column":38},"skip":true},"82":{"start":{"line":321,"column":12},"end":{"line":321,"column":27},"skip":true},"83":{"start":{"line":323,"column":8},"end":{"line":323,"column":14},"skip":true}},"branchMap":{"1":{"line":39,"type":"binary-expr","locations":[{"start":{"line":39,"column":23},"end":{"line":39,"column":62}},{"start":{"line":40,"column":20},"end":{"line":40,"column":70}},{"start":{"line":41,"column":20},"end":{"line":41,"column":71}},{"start":{"line":42,"column":20},"end":{"line":42,"column":29}}]},"2":{"line":44,"type":"binary-expr","locations":[{"start":{"line":44,"column":23},"end":{"line":44,"column":37}},{"start":{"line":45,"column":20},"end":{"line":45,"column":61}},{"start":{"line":46,"column":20},"end":{"line":46,"column":70}},{"start":{"line":47,"column":20},"end":{"line":47,"column":26}}]},"3":{"line":51,"type":"cond-expr","locations":[{"start":{"line":52,"column":14},"end":{"line":52,"column":20}},{"start":{"line":53,"column":14},"end":{"line":53,"column":20}}]},"4":{"line":55,"type":"binary-expr","locations":[{"start":{"line":55,"column":16},"end":{"line":55,"column":44}},{"start":{"line":55,"column":49},"end":{"line":57,"column":43}}]},"5":{"line":55,"type":"cond-expr","locations":[{"start":{"line":56,"column":14},"end":{"line":56,"column":51}},{"start":{"line":57,"column":14},"end":{"line":57,"column":43}}]},"6":{"line":61,"type":"switch","locations":[{"start":{"line":68,"column":4},"end":{"line":150,"column":14},"skip":true},{"start":{"line":156,"column":4},"end":{"line":323,"column":14},"skip":true}]},"7":{"line":70,"type":"if","locations":[{"start":{"line":70,"column":12},"end":{"line":70,"column":12},"skip":true},{"start":{"line":70,"column":12},"end":{"line":70,"column":12},"skip":true}]},"8":{"line":70,"type":"binary-expr","locations":[{"start":{"line":70,"column":16},"end":{"line":70,"column":22},"skip":true},{"start":{"line":70,"column":27},"end":{"line":70,"column":32},"skip":true},{"start":{"line":71,"column":20},"end":{"line":71,"column":39},"skip":true},{"start":{"line":72,"column":20},"end":{"line":72,"column":49},"skip":true},{"start":{"line":73,"column":20},"end":{"line":73,"column":58},"skip":true},{"start":{"line":74,"column":20},"end":{"line":74,"column":69},"skip":true}]},"9":{"line":79,"type":"switch","locations":[{"start":{"line":80,"column":20},"end":{"line":80,"column":33},"skip":true},{"start":{"line":81,"column":20},"end":{"line":83,"column":30},"skip":true},{"start":{"line":84,"column":20},"end":{"line":85,"column":49},"skip":true}]},"10":{"line":89,"type":"switch","locations":[{"start":{"line":90,"column":12},"end":{"line":103,"column":22},"skip":true},{"start":{"line":105,"column":12},"end":{"line":106,"column":22},"skip":true}]},"11":{"line":89,"type":"binary-expr","locations":[{"start":{"line":89,"column":20},"end":{"line":89,"column":25},"skip":true},{"start":{"line":89,"column":29},"end":{"line":89,"column":48},"skip":true},{"start":{"line":89,"column":52},"end":{"line":89,"column":74},"skip":true}]},"12":{"line":92,"type":"if","locations":[{"start":{"line":92,"column":16},"end":{"line":92,"column":16},"skip":true},{"start":{"line":92,"column":16},"end":{"line":92,"column":16},"skip":true}]},"13":{"line":108,"type":"if","locations":[{"start":{"line":108,"column":12},"end":{"line":108,"column":12},"skip":true},{"start":{"line":108,"column":12},"end":{"line":108,"column":12},"skip":true}]},"14":{"line":108,"type":"binary-expr","locations":[{"start":{"line":108,"column":16},"end":{"line":108,"column":61},"skip":true},{"start":{"line":108,"column":66},"end":{"line":108,"column":72},"skip":true},{"start":{"line":108,"column":77},"end":{"line":108,"column":82},"skip":true},{"start":{"line":109,"column":20},"end":{"line":109,"column":39},"skip":true},{"start":{"line":110,"column":20},"end":{"line":110,"column":49},"skip":true},{"start":{"line":111,"column":20},"end":{"line":111,"column":58},"skip":true},{"start":{"line":112,"column":20},"end":{"line":112,"column":68},"skip":true}]},"15":{"line":129,"type":"if","locations":[{"start":{"line":129,"column":16},"end":{"line":129,"column":16},"skip":true},{"start":{"line":129,"column":16},"end":{"line":129,"column":16},"skip":true}]},"16":{"line":134,"type":"cond-expr","locations":[{"start":{"line":135,"column":26},"end":{"line":135,"column":29},"skip":true},{"start":{"line":136,"column":26},"end":{"line":136,"column":54},"skip":true}]},"17":{"line":164,"type":"binary-expr","locations":[{"start":{"line":164,"column":27},"end":{"line":164,"column":43},"skip":true},{"start":{"line":164,"column":47},"end":{"line":164,"column":49},"skip":true}]},"18":{"line":258,"type":"if","locations":[{"start":{"line":258,"column":8},"end":{"line":258,"column":8},"skip":true},{"start":{"line":258,"column":8},"end":{"line":258,"column":8},"skip":true}]},"19":{"line":275,"type":"switch","locations":[{"start":{"line":276,"column":20},"end":{"line":277,"column":64},"skip":true},{"start":{"line":278,"column":20},"end":{"line":279,"column":40},"skip":true},{"start":{"line":280,"column":20},"end":{"line":281,"column":40},"skip":true},{"start":{"line":282,"column":20},"end":{"line":283,"column":39},"skip":true}]},"20":{"line":288,"type":"if","locations":[{"start":{"line":288,"column":8},"end":{"line":288,"column":8},"skip":true},{"start":{"line":288,"column":8},"end":{"line":288,"column":8},"skip":true}]},"21":{"line":288,"type":"binary-expr","locations":[{"start":{"line":288,"column":12},"end":{"line":288,"column":40},"skip":true},{"start":{"line":288,"column":44},"end":{"line":288,"column":67},"skip":true}]},"22":{"line":292,"type":"binary-expr","locations":[{"start":{"line":292,"column":12},"end":{"line":292,"column":50},"skip":true},{"start":{"line":293,"column":12},"end":{"line":293,"column":53},"skip":true}]},"23":{"line":295,"type":"binary-expr","locations":[{"start":{"line":295,"column":12},"end":{"line":295,"column":65},"skip":true},{"start":{"line":296,"column":12},"end":{"line":301,"column":36},"skip":true}]},"24":{"line":302,"type":"binary-expr","locations":[{"start":{"line":302,"column":43},"end":{"line":302,"column":75},"skip":true},{"start":{"line":302,"column":79},"end":{"line":302,"column":81},"skip":true}]},"25":{"line":305,"type":"if","locations":[{"start":{"line":305,"column":8},"end":{"line":305,"column":8},"skip":true},{"start":{"line":305,"column":8},"end":{"line":305,"column":8},"skip":true}]},"26":{"line":309,"type":"if","locations":[{"start":{"line":309,"column":8},"end":{"line":309,"column":8},"skip":true},{"start":{"line":309,"column":8},"end":{"line":309,"column":8},"skip":true}]},"27":{"line":312,"type":"binary-expr","locations":[{"start":{"line":312,"column":27},"end":{"line":312,"column":43},"skip":true},{"start":{"line":312,"column":47},"end":{"line":312,"column":53},"skip":true}]},"28":{"line":316,"type":"if","locations":[{"start":{"line":316,"column":12},"end":{"line":316,"column":12},"skip":true},{"start":{"line":316,"column":12},"end":{"line":316,"column":12},"skip":true}]}},"code":["/*","example.js","","quickstart example","","instruction","    1. save this script as example.js","    2. run the shell command:","        $ npm install npmtest-jasmine && PORT=8081 node example.js","    3. play with the browser-demo on http://127.0.0.1:8081","*/","","","","/* istanbul instrument in package npmtest_jasmine */","/*jslint","    bitwise: true,","    browser: true,","    maxerr: 8,","    maxlen: 96,","    node: true,","    nomen: true,","    regexp: true,","    stupid: true","*/","(function () {","    'use strict';","    var local;","","","","    // run shared js-env code - pre-init","    (function () {","        // init local","        local = {};","        // init modeJs","        local.modeJs = (function () {","            try {","                return typeof navigator.userAgent === 'string' &&","                    typeof document.querySelector('body') === 'object' &&","                    typeof XMLHttpRequest.prototype.open === 'function' &&","                    'browser';","            } catch (errorCaughtBrowser) {","                return module.exports &&","                    typeof process.versions.node === 'string' &&","                    typeof require('http').createServer === 'function' &&","                    'node';","            }","        }());","        // init global","        local.global = local.modeJs === 'browser'","            ? window","            : global;","        // init utility2_rollup","        local = local.global.utility2_rollup || (local.modeJs === 'browser'","            ? local.global.utility2_npmtest_jasmine","            : global.utility2_moduleExports);","        // export local","        local.global.local = local;","    }());","    switch (local.modeJs) {","","","","    // post-init","    // run browser js-env code - post-init","    /* istanbul ignore next */","    case 'browser':","        local.testRunBrowser = function (event) {","            if (!event || (event &&","                    event.currentTarget &&","                    event.currentTarget.className &&","                    event.currentTarget.className.includes &&","                    event.currentTarget.className.includes('onreset'))) {","                // reset output","                Array.from(","                    document.querySelectorAll('body > .resettable')","                ).forEach(function (element) {","                    switch (element.tagName) {","                    case 'INPUT':","                    case 'TEXTAREA':","                        element.value = '';","                        break;","                    default:","                        element.textContent = '';","                    }","                });","            }","            switch (event && event.currentTarget && event.currentTarget.id) {","            case 'testRunButton1':","                // show tests","                if (document.querySelector('#testReportDiv1').style.display === 'none') {","                    document.querySelector('#testReportDiv1').style.display = 'block';","                    document.querySelector('#testRunButton1').textContent =","                        'hide internal test';","                    local.modeTest = true;","                    local.testRunDefault(local);","                // hide tests","                } else {","                    document.querySelector('#testReportDiv1').style.display = 'none';","                    document.querySelector('#testRunButton1').textContent = 'run internal test';","                }","                break;","            // custom-case","            default:","                break;","            }","            if (document.querySelector('#inputTextareaEval1') && (!event || (event &&","                    event.currentTarget &&","                    event.currentTarget.className &&","                    event.currentTarget.className.includes &&","                    event.currentTarget.className.includes('oneval')))) {","                // try to eval input-code","                try {","                    /*jslint evil: true*/","                    eval(document.querySelector('#inputTextareaEval1').value);","                } catch (errorCaught) {","                    console.error(errorCaught.stack);","                }","            }","        };","        // log stderr and stdout to #outputTextareaStdout1","        ['error', 'log'].forEach(function (key) {","            console[key + '_original'] = console[key];","            console[key] = function () {","                var element;","                console[key + '_original'].apply(console, arguments);","                element = document.querySelector('#outputTextareaStdout1');","                if (!element) {","                    return;","                }","                // append text to #outputTextareaStdout1","                element.value += Array.from(arguments).map(function (arg) {","                    return typeof arg === 'string'","                        ? arg","                        : JSON.stringify(arg, null, 4);","                }).join(' ') + '\\n';","                // scroll textarea to bottom","                element.scrollTop = element.scrollHeight;","            };","        });","        // init event-handling","        ['change', 'click', 'keyup'].forEach(function (event) {","            Array.from(document.querySelectorAll('.on' + event)).forEach(function (element) {","                element.addEventListener(event, local.testRunBrowser);","            });","        });","        // run tests","        local.testRunBrowser();","        break;","","","","    // run node js-env code - post-init","    /* istanbul ignore next */","    case 'node':","        // export local","        module.exports = local;","        // require modules","        local.fs = require('fs');","        local.http = require('http');","        local.url = require('url');","        // init assets","        local.assetsDict = local.assetsDict || {};","        /* jslint-ignore-begin */","        local.assetsDict['/assets.index.template.html'] = '\\","<!doctype html>\\n\\","<html lang=\"en\">\\n\\","<head>\\n\\","<meta charset=\"UTF-8\">\\n\\","<meta name=\"viewport\" content=\"width=device-width, initial-scale=1\">\\n\\","<title>{{env.npm_package_name}} (v{{env.npm_package_version}})</title>\\n\\","<style>\\n\\","/*csslint\\n\\","    box-sizing: false,\\n\\","    universal-selector: false\\n\\","*/\\n\\","* {\\n\\","    box-sizing: border-box;\\n\\","}\\n\\","body {\\n\\","    background: #dde;\\n\\","    font-family: Arial, Helvetica, sans-serif;\\n\\","    margin: 2rem;\\n\\","}\\n\\","body > * {\\n\\","    margin-bottom: 1rem;\\n\\","}\\n\\",".utility2FooterDiv {\\n\\","    margin-top: 20px;\\n\\","    text-align: center;\\n\\","}\\n\\","</style>\\n\\","<style>\\n\\","/*csslint\\n\\","*/\\n\\","textarea {\\n\\","    font-family: monospace;\\n\\","    height: 10rem;\\n\\","    width: 100%;\\n\\","}\\n\\","textarea[readonly] {\\n\\","    background: #ddd;\\n\\","}\\n\\","</style>\\n\\","</head>\\n\\","<body>\\n\\","<!-- utility2-comment\\n\\","<div id=\"ajaxProgressDiv1\" style=\"background: #d00; height: 2px; left: 0; margin: 0; padding: 0; position: fixed; top: 0; transition: background 0.5s, width 1.5s; width: 25%;\"></div>\\n\\","utility2-comment -->\\n\\","<h1>\\n\\","<!-- utility2-comment\\n\\","    <a\\n\\","        {{#if env.npm_package_homepage}}\\n\\","        href=\"{{env.npm_package_homepage}}\"\\n\\","        {{/if env.npm_package_homepage}}\\n\\","        target=\"_blank\"\\n\\","    >\\n\\","utility2-comment -->\\n\\","        {{env.npm_package_name}} (v{{env.npm_package_version}})\\n\\","<!-- utility2-comment\\n\\","    </a>\\n\\","utility2-comment -->\\n\\","</h1>\\n\\","<h3>{{env.npm_package_description}}</h3>\\n\\","<!-- utility2-comment\\n\\","<h4><a download href=\"assets.app.js\">download standalone app</a></h4>\\n\\","<button class=\"onclick onreset\" id=\"testRunButton1\">run internal test</button><br>\\n\\","<div id=\"testReportDiv1\" style=\"display: none;\"></div>\\n\\","utility2-comment -->\\n\\","\\n\\","\\n\\","\\n\\","<label>stderr and stdout</label>\\n\\","<textarea class=\"resettable\" id=\"outputTextareaStdout1\" readonly></textarea>\\n\\","<!-- utility2-comment\\n\\","{{#if isRollup}}\\n\\","<script src=\"assets.app.js\"></script>\\n\\","{{#unless isRollup}}\\n\\","utility2-comment -->\\n\\","<script src=\"assets.utility2.rollup.js\"></script>\\n\\","<script src=\"jsonp.utility2._stateInit?callback=window.utility2._stateInit\"></script>\\n\\","<script src=\"assets.npmtest_jasmine.rollup.js\"></script>\\n\\","<script src=\"assets.example.js\"></script>\\n\\","<script src=\"assets.test.js\"></script>\\n\\","<!-- utility2-comment\\n\\","{{/if isRollup}}\\n\\","utility2-comment -->\\n\\","<div class=\"utility2FooterDiv\">\\n\\","    [ this app was created with\\n\\","    <a href=\"https://github.com/kaizhu256/node-utility2\" target=\"_blank\">utility2</a>\\n\\","    ]\\n\\","</div>\\n\\","</body>\\n\\","</html>\\n\\","';","        /* jslint-ignore-end */","        if (local.templateRender) {","            local.assetsDict['/'] = local.templateRender(","                local.assetsDict['/assets.index.template.html'],","                {","                    env: local.objectSetDefault(local.env, {","                        npm_package_description: 'the greatest app in the world!',","                        npm_package_name: 'my-app',","                        npm_package_nameAlias: 'my_app',","                        npm_package_version: '0.0.1'","                    })","                }","            );","        } else {","            local.assetsDict['/'] = local.assetsDict['/assets.index.template.html']","                .replace((/\\{\\{env\\.(\\w+?)\\}\\}/g), function (match0, match1) {","                    // jslint-hack","                    String(match0);","                    switch (match1) {","                    case 'npm_package_description':","                        return 'the greatest app in the world!';","                    case 'npm_package_name':","                        return 'my-app';","                    case 'npm_package_nameAlias':","                        return 'my_app';","                    case 'npm_package_version':","                        return '0.0.1';","                    }","                });","        }","        // run the cli","        if (local.global.utility2_rollup || module !== require.main) {","            break;","        }","        local.assetsDict['/assets.example.js'] =","            local.assetsDict['/assets.example.js'] ||","            local.fs.readFileSync(__filename, 'utf8');","        local.assetsDict['/assets.npmtest_jasmine.rollup.js'] =","            local.assetsDict['/assets.npmtest_jasmine.rollup.js'] ||","            local.fs.readFileSync(","                // buildCustomOrg-hack","                local.npmtest_jasmine.__dirname +","                    '/lib.npmtest_jasmine.js',","                'utf8'","            ).replace((/^#!/), '//');","        local.assetsDict['/favicon.ico'] = local.assetsDict['/favicon.ico'] || '';","        // if $npm_config_timeout_exit exists,","        // then exit this process after $npm_config_timeout_exit ms","        if (Number(process.env.npm_config_timeout_exit)) {","            setTimeout(process.exit, Number(process.env.npm_config_timeout_exit));","        }","        // start server","        if (local.global.utility2_serverHttp1) {","            break;","        }","        process.env.PORT = process.env.PORT || '8081';","        console.error('server starting on port ' + process.env.PORT);","        local.http.createServer(function (request, response) {","            request.urlParsed = local.url.parse(request.url);","            if (local.assetsDict[request.urlParsed.pathname] !== undefined) {","                response.end(local.assetsDict[request.urlParsed.pathname]);","                return;","            }","            response.statusCode = 404;","            response.end();","        }).listen(process.env.PORT);","        break;","    }","}());",""],"l":{"26":2,"28":2,"33":2,"35":2,"37":2,"38":2,"39":2,"44":1,"51":2,"55":2,"59":2,"61":2,"69":1,"70":2,"76":2,"79":2,"82":2,"83":2,"85":1,"89":2,"92":1,"93":1,"94":1,"96":1,"97":1,"100":1,"101":1,"103":1,"106":1,"108":2,"114":1,"116":1,"118":1,"123":1,"124":2,"125":2,"126":2,"127":2,"128":2,"129":2,"130":1,"133":2,"134":2,"139":2,"143":1,"144":3,"145":1,"149":1,"150":1,"158":1,"160":1,"161":1,"162":1,"164":1,"166":1,"258":1,"259":1,"271":1,"274":6,"275":6,"277":1,"279":2,"281":1,"283":2,"288":1,"289":1,"291":1,"294":1,"302":1,"305":1,"306":1,"309":1,"310":1,"312":1,"313":1,"314":1,"315":1,"316":1,"317":1,"318":1,"320":1,"321":1,"323":1}},"/home/travis/build/npmtest/node-npmtest-jasmine/jasmine/lib/jasmine.js":{"path":"/home/travis/build/npmtest/node-npmtest-jasmine/jasmine/lib/jasmine.js","s":{"1":1,"2":1,"3":1,"4":1,"5":0,"6":0,"7":0,"8":0,"9":0,"10":0,"11":0,"12":0,"13":0,"14":0,"15":0,"16":0,"17":0,"18":0,"19":0,"20":0,"21":0,"22":0,"23":0,"24":0,"25":0,"26":0,"27":0,"28":1,"29":0,"30":1,"31":0,"32":1,"33":0,"34":1,"35":0,"36":1,"37":0,"38":0,"39":1,"40":0,"41":1,"42":0,"43":0,"44":0,"45":0,"46":0,"47":0,"48":0,"49":0,"50":0,"51":1,"52":0,"53":1,"54":0,"55":0,"56":1,"57":0,"58":0,"59":1,"60":0,"61":0,"62":0,"63":0,"64":0,"65":0,"66":1,"67":0,"68":0,"69":0,"70":0,"71":0,"72":0,"73":0,"74":1,"75":1,"76":1,"77":2,"78":0,"79":0,"80":0,"81":0,"82":0,"83":0,"84":0,"85":0,"86":0,"87":1,"88":0,"89":1,"90":0,"91":1,"92":0,"93":0,"94":0,"95":1,"96":0,"97":0,"98":0,"99":0,"100":0,"101":0,"102":0,"103":0,"104":0,"105":0,"106":0,"107":0,"108":0,"109":0},"b":{"1":[0,0],"2":[0,0],"3":[0,0],"4":[0,0],"5":[0,0],"6":[0,0],"7":[0,0],"8":[0,0],"9":[0,0],"10":[0,0],"11":[0,0],"12":[0,0],"13":[0,0],"14":[0,0],"15":[0,0],"16":[0,0],"17":[0,0],"18":[0,0],"19":[0,0],"20":[0,0],"21":[0,0],"22":[0,0],"23":[0,0]},"f":{"1":0,"2":0,"3":0,"4":0,"5":0,"6":0,"7":0,"8":0,"9":0,"10":0,"11":0,"12":0,"13":0,"14":0,"15":0,"16":0,"17":0,"18":0,"19":2,"20":0,"21":0,"22":0,"23":0,"24":0,"25":0,"26":0,"27":0},"fnMap":{"1":{"name":"Jasmine","line":11,"loc":{"start":{"line":11,"column":0},"end":{"line":11,"column":26}}},"2":{"name":"(anonymous_2)","line":32,"loc":{"start":{"line":32,"column":37},"end":{"line":32,"column":54}}},"3":{"name":"(anonymous_3)","line":36,"loc":{"start":{"line":36,"column":21},"end":{"line":36,"column":32}}},"4":{"name":"(anonymous_4)","line":41,"loc":{"start":{"line":41,"column":35},"end":{"line":41,"column":51}}},"5":{"name":"(anonymous_5)","line":45,"loc":{"start":{"line":45,"column":25},"end":{"line":45,"column":41}}},"6":{"name":"(anonymous_6)","line":49,"loc":{"start":{"line":49,"column":31},"end":{"line":49,"column":47}}},"7":{"name":"(anonymous_7)","line":53,"loc":{"start":{"line":53,"column":32},"end":{"line":53,"column":51}}},"8":{"name":"(anonymous_8)","line":57,"loc":{"start":{"line":57,"column":32},"end":{"line":57,"column":51}}},"9":{"name":"(anonymous_9)","line":62,"loc":{"start":{"line":62,"column":44},"end":{"line":62,"column":63}}},"10":{"name":"(anonymous_10)","line":66,"loc":{"start":{"line":66,"column":45},"end":{"line":66,"column":63}}},"11":{"name":"(anonymous_11)","line":68,"loc":{"start":{"line":68,"column":35},"end":{"line":68,"column":46}}},"12":{"name":"(anonymous_12)","line":81,"loc":{"start":{"line":81,"column":32},"end":{"line":81,"column":51}}},"13":{"name":"(anonymous_13)","line":85,"loc":{"start":{"line":85,"column":30},"end":{"line":85,"column":41}}},"14":{"name":"(anonymous_14)","line":86,"loc":{"start":{"line":86,"column":25},"end":{"line":86,"column":40}}},"15":{"name":"(anonymous_15)","line":91,"loc":{"start":{"line":91,"column":32},"end":{"line":91,"column":43}}},"16":{"name":"(anonymous_16)","line":92,"loc":{"start":{"line":92,"column":27},"end":{"line":92,"column":42}}},"17":{"name":"(anonymous_17)","line":97,"loc":{"start":{"line":97,"column":35},"end":{"line":97,"column":60}}},"18":{"name":"(anonymous_18)","line":107,"loc":{"start":{"line":107,"column":31},"end":{"line":107,"column":48}}},"19":{"name":"addFiles","line":124,"loc":{"start":{"line":124,"column":0},"end":{"line":124,"column":24}}},"20":{"name":"(anonymous_20)","line":125,"loc":{"start":{"line":125,"column":9},"end":{"line":125,"column":26}}},"21":{"name":"(anonymous_21)","line":129,"loc":{"start":{"line":129,"column":18},"end":{"line":129,"column":33}}},"22":{"name":"(anonymous_22)","line":134,"loc":{"start":{"line":134,"column":24},"end":{"line":134,"column":43}}},"23":{"name":"(anonymous_23)","line":143,"loc":{"start":{"line":143,"column":31},"end":{"line":143,"column":60}}},"24":{"name":"(anonymous_24)","line":147,"loc":{"start":{"line":147,"column":49},"end":{"line":147,"column":65}}},"25":{"name":"(anonymous_25)","line":151,"loc":{"start":{"line":151,"column":39},"end":{"line":151,"column":56}}},"26":{"name":"(anonymous_26)","line":160,"loc":{"start":{"line":160,"column":28},"end":{"line":160,"column":58}}},"27":{"name":"(anonymous_27)","line":170,"loc":{"start":{"line":170,"column":26},"end":{"line":170,"column":41}}}},"statementMap":{"1":{"start":{"line":1,"column":0},"end":{"line":6,"column":65}},"2":{"start":{"line":8,"column":0},"end":{"line":8,"column":25}},"3":{"start":{"line":9,"column":0},"end":{"line":9,"column":73}},"4":{"start":{"line":11,"column":0},"end":{"line":39,"column":1}},"5":{"start":{"line":12,"column":2},"end":{"line":12,"column":26}},"6":{"start":{"line":13,"column":2},"end":{"line":13,"column":67}},"7":{"start":{"line":14,"column":2},"end":{"line":14,"column":73}},"8":{"start":{"line":15,"column":2},"end":{"line":15,"column":47}},"9":{"start":{"line":16,"column":2},"end":{"line":16,"column":65}},"10":{"start":{"line":17,"column":2},"end":{"line":17,"column":84}},"11":{"start":{"line":18,"column":2},"end":{"line":18,"column":20}},"12":{"start":{"line":19,"column":2},"end":{"line":19,"column":22}},"13":{"start":{"line":20,"column":2},"end":{"line":20,"column":24}},"14":{"start":{"line":21,"column":2},"end":{"line":21,"column":35}},"15":{"start":{"line":22,"column":2},"end":{"line":22,"column":26}},"16":{"start":{"line":23,"column":2},"end":{"line":23,"column":53}},"17":{"start":{"line":24,"column":2},"end":{"line":24,"column":39}},"18":{"start":{"line":25,"column":2},"end":{"line":25,"column":19}},"19":{"start":{"line":26,"column":2},"end":{"line":26,"column":28}},"20":{"start":{"line":27,"column":2},"end":{"line":27,"column":55}},"21":{"start":{"line":28,"column":2},"end":{"line":28,"column":38}},"22":{"start":{"line":29,"column":2},"end":{"line":29,"column":41}},"23":{"start":{"line":31,"column":2},"end":{"line":31,"column":27}},"24":{"start":{"line":32,"column":2},"end":{"line":34,"column":5}},"25":{"start":{"line":33,"column":4},"end":{"line":33,"column":45}},"26":{"start":{"line":36,"column":2},"end":{"line":38,"column":4}},"27":{"start":{"line":37,"column":4},"end":{"line":37,"column":33}},"28":{"start":{"line":41,"column":0},"end":{"line":43,"column":2}},"29":{"start":{"line":42,"column":2},"end":{"line":42,"column":33}},"30":{"start":{"line":45,"column":0},"end":{"line":47,"column":2}},"31":{"start":{"line":46,"column":2},"end":{"line":46,"column":23}},"32":{"start":{"line":49,"column":0},"end":{"line":51,"column":2}},"33":{"start":{"line":50,"column":2},"end":{"line":50,"column":29}},"34":{"start":{"line":53,"column":0},"end":{"line":55,"column":2}},"35":{"start":{"line":54,"column":2},"end":{"line":54,"column":32}},"36":{"start":{"line":57,"column":0},"end":{"line":60,"column":2}},"37":{"start":{"line":58,"column":2},"end":{"line":58,"column":33}},"38":{"start":{"line":59,"column":2},"end":{"line":59,"column":24}},"39":{"start":{"line":62,"column":0},"end":{"line":64,"column":2}},"40":{"start":{"line":63,"column":2},"end":{"line":63,"column":45}},"41":{"start":{"line":66,"column":0},"end":{"line":79,"column":2}},"42":{"start":{"line":67,"column":2},"end":{"line":67,"column":60}},"43":{"start":{"line":68,"column":2},"end":{"line":70,"column":4}},"44":{"start":{"line":69,"column":4},"end":{"line":69,"column":61}},"45":{"start":{"line":71,"column":2},"end":{"line":71,"column":88}},"46":{"start":{"line":72,"column":2},"end":{"line":72,"column":76}},"47":{"start":{"line":74,"column":2},"end":{"line":76,"column":3}},"48":{"start":{"line":75,"column":4},"end":{"line":75,"column":106}},"49":{"start":{"line":77,"column":2},"end":{"line":77,"column":36}},"50":{"start":{"line":78,"column":2},"end":{"line":78,"column":40}},"51":{"start":{"line":81,"column":0},"end":{"line":83,"column":2}},"52":{"start":{"line":82,"column":2},"end":{"line":82,"column":49}},"53":{"start":{"line":85,"column":0},"end":{"line":89,"column":2}},"54":{"start":{"line":86,"column":2},"end":{"line":88,"column":5}},"55":{"start":{"line":87,"column":4},"end":{"line":87,"column":18}},"56":{"start":{"line":91,"column":0},"end":{"line":95,"column":2}},"57":{"start":{"line":92,"column":2},"end":{"line":94,"column":5}},"58":{"start":{"line":93,"column":4},"end":{"line":93,"column":18}},"59":{"start":{"line":97,"column":0},"end":{"line":105,"column":2}},"60":{"start":{"line":98,"column":2},"end":{"line":104,"column":3}},"61":{"start":{"line":99,"column":4},"end":{"line":99,"column":114}},"62":{"start":{"line":100,"column":4},"end":{"line":100,"column":49}},"63":{"start":{"line":101,"column":4},"end":{"line":101,"column":28}},"64":{"start":{"line":103,"column":4},"end":{"line":103,"column":67}},"65":{"start":{"line":103,"column":57},"end":{"line":103,"column":65}},"66":{"start":{"line":107,"column":0},"end":{"line":119,"column":2}},"67":{"start":{"line":108,"column":2},"end":{"line":108,"column":49}},"68":{"start":{"line":109,"column":2},"end":{"line":109,"column":74}},"69":{"start":{"line":110,"column":2},"end":{"line":110,"column":41}},"70":{"start":{"line":112,"column":2},"end":{"line":114,"column":3}},"71":{"start":{"line":113,"column":4},"end":{"line":113,"column":40}},"72":{"start":{"line":116,"column":2},"end":{"line":118,"column":3}},"73":{"start":{"line":117,"column":4},"end":{"line":117,"column":41}},"74":{"start":{"line":121,"column":0},"end":{"line":121,"column":59}},"75":{"start":{"line":122,"column":0},"end":{"line":122,"column":55}},"76":{"start":{"line":124,"column":0},"end":{"line":141,"column":1}},"77":{"start":{"line":125,"column":2},"end":{"line":140,"column":4}},"78":{"start":{"line":126,"column":4},"end":{"line":126,"column":29}},"79":{"start":{"line":127,"column":4},"end":{"line":127,"column":29}},"80":{"start":{"line":129,"column":4},"end":{"line":139,"column":7}},"81":{"start":{"line":130,"column":6},"end":{"line":132,"column":7}},"82":{"start":{"line":131,"column":8},"end":{"line":131,"column":84}},"83":{"start":{"line":133,"column":6},"end":{"line":133,"column":38}},"84":{"start":{"line":134,"column":6},"end":{"line":138,"column":9}},"85":{"start":{"line":135,"column":8},"end":{"line":137,"column":9}},"86":{"start":{"line":136,"column":10},"end":{"line":136,"column":33}},"87":{"start":{"line":143,"column":0},"end":{"line":145,"column":2}},"88":{"start":{"line":144,"column":2},"end":{"line":144,"column":57}},"89":{"start":{"line":147,"column":0},"end":{"line":149,"column":2}},"90":{"start":{"line":148,"column":2},"end":{"line":148,"column":44}},"91":{"start":{"line":151,"column":0},"end":{"line":158,"column":2}},"92":{"start":{"line":152,"column":2},"end":{"line":157,"column":3}},"93":{"start":{"line":153,"column":4},"end":{"line":153,"column":83}},"94":{"start":{"line":156,"column":4},"end":{"line":156,"column":83}},"95":{"start":{"line":160,"column":0},"end":{"line":185,"column":2}},"96":{"start":{"line":161,"column":2},"end":{"line":161,"column":21}},"97":{"start":{"line":162,"column":2},"end":{"line":164,"column":3}},"98":{"start":{"line":163,"column":4},"end":{"line":163,"column":70}},"99":{"start":{"line":166,"column":2},"end":{"line":173,"column":3}},"100":{"start":{"line":167,"column":4},"end":{"line":169,"column":7}},"101":{"start":{"line":170,"column":4},"end":{"line":172,"column":6}},"102":{"start":{"line":171,"column":6},"end":{"line":171,"column":52}},"103":{"start":{"line":175,"column":2},"end":{"line":179,"column":3}},"104":{"start":{"line":176,"column":4},"end":{"line":176,"column":22}},"105":{"start":{"line":177,"column":4},"end":{"line":177,"column":24}},"106":{"start":{"line":178,"column":4},"end":{"line":178,"column":29}},"107":{"start":{"line":181,"column":2},"end":{"line":181,"column":19}},"108":{"start":{"line":183,"column":2},"end":{"line":183,"column":44}},"109":{"start":{"line":184,"column":2},"end":{"line":184,"column":21}}},"branchMap":{"1":{"line":12,"type":"binary-expr","locations":[{"start":{"line":12,"column":12},"end":{"line":12,"column":19}},{"start":{"line":12,"column":23},"end":{"line":12,"column":25}}]},"2":{"line":13,"type":"binary-expr","locations":[{"start":{"line":13,"column":20},"end":{"line":13,"column":39}},{"start":{"line":13,"column":43},"end":{"line":13,"column":66}}]},"3":{"line":16,"type":"binary-expr","locations":[{"start":{"line":16,"column":24},"end":{"line":16,"column":46}},{"start":{"line":16,"column":50},"end":{"line":16,"column":64}}]},"4":{"line":17,"type":"binary-expr","locations":[{"start":{"line":17,"column":26},"end":{"line":17,"column":50}},{"start":{"line":17,"column":54},"end":{"line":17,"column":83}}]},"5":{"line":67,"type":"binary-expr","locations":[{"start":{"line":67,"column":18},"end":{"line":67,"column":31}},{"start":{"line":67,"column":35},"end":{"line":67,"column":59}}]},"6":{"line":68,"type":"binary-expr","locations":[{"start":{"line":68,"column":18},"end":{"line":68,"column":31}},{"start":{"line":68,"column":35},"end":{"line":70,"column":3}}]},"7":{"line":71,"type":"cond-expr","locations":[{"start":{"line":71,"column":62},"end":{"line":71,"column":80}},{"start":{"line":71,"column":83},"end":{"line":71,"column":87}}]},"8":{"line":72,"type":"binary-expr","locations":[{"start":{"line":72,"column":28},"end":{"line":72,"column":51}},{"start":{"line":72,"column":55},"end":{"line":72,"column":75}}]},"9":{"line":74,"type":"if","locations":[{"start":{"line":74,"column":2},"end":{"line":74,"column":2}},{"start":{"line":74,"column":2},"end":{"line":74,"column":2}}]},"10":{"line":99,"type":"binary-expr","locations":[{"start":{"line":99,"column":67},"end":{"line":99,"column":81}},{"start":{"line":99,"column":85},"end":{"line":99,"column":112}}]},"11":{"line":103,"type":"if","locations":[{"start":{"line":103,"column":4},"end":{"line":103,"column":4}},{"start":{"line":103,"column":4},"end":{"line":103,"column":4}}]},"12":{"line":103,"type":"binary-expr","locations":[{"start":{"line":103,"column":7},"end":{"line":103,"column":21}},{"start":{"line":103,"column":25},"end":{"line":103,"column":53}}]},"13":{"line":108,"type":"binary-expr","locations":[{"start":{"line":108,"column":17},"end":{"line":108,"column":32}},{"start":{"line":108,"column":36},"end":{"line":108,"column":48}}]},"14":{"line":112,"type":"if","locations":[{"start":{"line":112,"column":2},"end":{"line":112,"column":2}},{"start":{"line":112,"column":2},"end":{"line":112,"column":2}}]},"15":{"line":116,"type":"if","locations":[{"start":{"line":116,"column":2},"end":{"line":116,"column":2}},{"start":{"line":116,"column":2},"end":{"line":116,"column":2}}]},"16":{"line":130,"type":"if","locations":[{"start":{"line":130,"column":6},"end":{"line":130,"column":6}},{"start":{"line":130,"column":6},"end":{"line":130,"column":6}}]},"17":{"line":130,"type":"binary-expr","locations":[{"start":{"line":130,"column":11},"end":{"line":130,"column":26}},{"start":{"line":130,"column":30},"end":{"line":130,"column":51}}]},"18":{"line":135,"type":"if","locations":[{"start":{"line":135,"column":8},"end":{"line":135,"column":8}},{"start":{"line":135,"column":8},"end":{"line":135,"column":8}}]},"19":{"line":152,"type":"if","locations":[{"start":{"line":152,"column":2},"end":{"line":152,"column":2}},{"start":{"line":152,"column":2},"end":{"line":152,"column":2}}]},"20":{"line":162,"type":"if","locations":[{"start":{"line":162,"column":2},"end":{"line":162,"column":2}},{"start":{"line":162,"column":2},"end":{"line":162,"column":2}}]},"21":{"line":166,"type":"if","locations":[{"start":{"line":166,"column":2},"end":{"line":166,"column":2}},{"start":{"line":166,"column":2},"end":{"line":166,"column":2}}]},"22":{"line":175,"type":"if","locations":[{"start":{"line":175,"column":2},"end":{"line":175,"column":2}},{"start":{"line":175,"column":2},"end":{"line":175,"column":2}}]},"23":{"line":175,"type":"binary-expr","locations":[{"start":{"line":175,"column":6},"end":{"line":175,"column":11}},{"start":{"line":175,"column":15},"end":{"line":175,"column":31}}]}},"code":["var path = require('path'),","    util = require('util'),","    glob = require('glob'),","    exit = require('./exit'),","    CompletionReporter = require('./reporters/completion_reporter'),","    ConsoleSpecFilter = require('./filters/console_spec_filter');","","module.exports = Jasmine;","module.exports.ConsoleReporter = require('./reporters/console_reporter');","","function Jasmine(options) {","  options = options || {};","  var jasmineCore = options.jasmineCore || require('jasmine-core');","  this.jasmineCorePath = path.join(jasmineCore.files.path, 'jasmine.js');","  this.jasmine = jasmineCore.boot(jasmineCore);","  this.projectBaseDir = options.projectBaseDir || path.resolve();","  this.printDeprecation = options.printDeprecation || require('./printDeprecation');","  this.specDir = '';","  this.specFiles = [];","  this.helperFiles = [];","  this.env = this.jasmine.getEnv();","  this.reportersCount = 0;","  this.completionReporter = new CompletionReporter();","  this.onCompleteCallbackAdded = false;","  this.exit = exit;","  this.showingColors = true;","  this.reporter = new module.exports.ConsoleReporter();","  this.env.addReporter(this.reporter);","  this.defaultReporterConfigured = false;","","  var jasmineRunner = this;","  this.completionReporter.onComplete(function(passed) {","    jasmineRunner.exitCodeCompletion(passed);","  });","","  this.coreVersion = function() {","    return jasmineCore.version();","  };","}","","Jasmine.prototype.randomizeTests = function(value) {","  this.env.randomizeTests(value);","};","","Jasmine.prototype.seed = function(value) {","  this.env.seed(value);","};","","Jasmine.prototype.showColors = function(value) {","  this.showingColors = value;","};","","Jasmine.prototype.addSpecFile = function(filePath) {","  this.specFiles.push(filePath);","};","","Jasmine.prototype.addReporter = function(reporter) {","  this.env.addReporter(reporter);","  this.reportersCount++;","};","","Jasmine.prototype.provideFallbackReporter = function(reporter) {","  this.env.provideFallbackReporter(reporter);","};","","Jasmine.prototype.configureDefaultReporter = function(options) {","  options.timer = options.timer || new this.jasmine.Timer();","  options.print = options.print || function() {","    process.stdout.write(util.format.apply(this, arguments));","  };","  options.showColors = options.hasOwnProperty('showColors') ? options.showColors : true;","  options.jasmineCorePath = options.jasmineCorePath || this.jasmineCorePath;","","  if(options.onComplete) {","    this.printDeprecation('Passing in an onComplete function to configureDefaultReporter is deprecated.');","  }","  this.reporter.setOptions(options);","  this.defaultReporterConfigured = true;","};","","Jasmine.prototype.addMatchers = function(matchers) {","  this.jasmine.Expectation.addMatchers(matchers);","};","","Jasmine.prototype.loadSpecs = function() {","  this.specFiles.forEach(function(file) {","    require(file);","  });","};","","Jasmine.prototype.loadHelpers = function() {","  this.helperFiles.forEach(function(file) {","    require(file);","  });","};","","Jasmine.prototype.loadConfigFile = function(configFilePath) {","  try {","    var absoluteConfigFilePath = path.resolve(this.projectBaseDir, configFilePath || 'spec/support/jasmine.json');","    var config = require(absoluteConfigFilePath);","    this.loadConfig(config);","  } catch (e) {","    if(configFilePath || e.code != 'MODULE_NOT_FOUND') { throw e; }","  }","};","","Jasmine.prototype.loadConfig = function(config) {","  this.specDir = config.spec_dir || this.specDir;","  this.env.throwOnExpectationFailure(config.stopSpecOnExpectationFailure);","  this.env.randomizeTests(config.random);","","  if(config.helpers) {","    this.addHelperFiles(config.helpers);","  }","","  if(config.spec_files) {","    this.addSpecFiles(config.spec_files);","  }","};","","Jasmine.prototype.addHelperFiles = addFiles('helperFiles');","Jasmine.prototype.addSpecFiles = addFiles('specFiles');","","function addFiles(kind) {","  return function (files) {","    var jasmineRunner = this;","    var fileArr = this[kind];","","    files.forEach(function(file) {","      if(!(path.isAbsolute && path.isAbsolute(file))) {","        file = path.join(jasmineRunner.projectBaseDir, jasmineRunner.specDir, file);","      }","      var filePaths = glob.sync(file);","      filePaths.forEach(function(filePath) {","        if(fileArr.indexOf(filePath) === -1) {","          fileArr.push(filePath);","        }","      });","    });","  };","}","","Jasmine.prototype.onComplete = function(onCompleteCallback) {","  this.completionReporter.onComplete(onCompleteCallback);","};","","Jasmine.prototype.stopSpecOnExpectationFailure = function(value) {","  this.env.throwOnExpectationFailure(value);","};","","Jasmine.prototype.exitCodeCompletion = function(passed) {","  if(passed) {","    this.exit(0, process.platform, process.version, process.exit, require('exit'));","  }","  else {","    this.exit(1, process.platform, process.version, process.exit, require('exit'));","  }","};","","Jasmine.prototype.execute = function(files, filterString) {","  this.loadHelpers();","  if (!this.defaultReporterConfigured) {","    this.configureDefaultReporter({ showColors: this.showingColors });","  }","","  if(filterString) {","    var specFilter = new ConsoleSpecFilter({","      filterString: filterString","    });","    this.env.specFilter = function(spec) {","      return specFilter.matches(spec.getFullName());","    };","  }","","  if (files && files.length > 0) {","    this.specDir = '';","    this.specFiles = [];","    this.addSpecFiles(files);","  }","","  this.loadSpecs();","","  this.addReporter(this.completionReporter);","  this.env.execute();","};",""],"l":{"1":1,"8":1,"9":1,"11":1,"12":0,"13":0,"14":0,"15":0,"16":0,"17":0,"18":0,"19":0,"20":0,"21":0,"22":0,"23":0,"24":0,"25":0,"26":0,"27":0,"28":0,"29":0,"31":0,"32":0,"33":0,"36":0,"37":0,"41":1,"42":0,"45":1,"46":0,"49":1,"50":0,"53":1,"54":0,"57":1,"58":0,"59":0,"62":1,"63":0,"66":1,"67":0,"68":0,"69":0,"71":0,"72":0,"74":0,"75":0,"77":0,"78":0,"81":1,"82":0,"85":1,"86":0,"87":0,"91":1,"92":0,"93":0,"97":1,"98":0,"99":0,"100":0,"101":0,"103":0,"107":1,"108":0,"109":0,"110":0,"112":0,"113":0,"116":0,"117":0,"121":1,"122":1,"124":1,"125":2,"126":0,"127":0,"129":0,"130":0,"131":0,"133":0,"134":0,"135":0,"136":0,"143":1,"144":0,"147":1,"148":0,"151":1,"152":0,"153":0,"156":0,"160":1,"161":0,"162":0,"163":0,"166":0,"167":0,"170":0,"171":0,"175":0,"176":0,"177":0,"178":0,"181":0,"183":0,"184":0}},"/home/travis/build/npmtest/node-npmtest-jasmine/jasmine/lib/exit.js":{"path":"/home/travis/build/npmtest/node-npmtest-jasmine/jasmine/lib/exit.js","s":{"1":1,"2":0,"3":0,"4":0,"5":1,"6":0,"7":1,"8":0,"9":0},"b":{"1":[0,0],"2":[0,0],"3":[0,0]},"f":{"1":0,"2":0,"3":0},"fnMap":{"1":{"name":"(anonymous_1)","line":1,"loc":{"start":{"line":1,"column":17},"end":{"line":1,"column":75}}},"2":{"name":"isWindows","line":10,"loc":{"start":{"line":10,"column":0},"end":{"line":10,"column":29}}},"3":{"name":"olderThan12","line":14,"loc":{"start":{"line":14,"column":0},"end":{"line":14,"column":34}}}},"statementMap":{"1":{"start":{"line":1,"column":0},"end":{"line":8,"column":2}},"2":{"start":{"line":2,"column":2},"end":{"line":7,"column":3}},"3":{"start":{"line":3,"column":4},"end":{"line":3,"column":23}},"4":{"start":{"line":6,"column":4},"end":{"line":6,"column":19}},"5":{"start":{"line":10,"column":0},"end":{"line":12,"column":1}},"6":{"start":{"line":11,"column":2},"end":{"line":11,"column":31}},"7":{"start":{"line":14,"column":0},"end":{"line":17,"column":1}},"8":{"start":{"line":15,"column":2},"end":{"line":15,"column":39}},"9":{"start":{"line":16,"column":2},"end":{"line":16,"column":82}}},"branchMap":{"1":{"line":2,"type":"if","locations":[{"start":{"line":2,"column":2},"end":{"line":2,"column":2}},{"start":{"line":2,"column":2},"end":{"line":2,"column":2}}]},"2":{"line":2,"type":"binary-expr","locations":[{"start":{"line":2,"column":5},"end":{"line":2,"column":24}},{"start":{"line":2,"column":28},"end":{"line":2,"column":52}}]},"3":{"line":16,"type":"binary-expr","locations":[{"start":{"line":16,"column":9},"end":{"line":16,"column":48}},{"start":{"line":16,"column":52},"end":{"line":16,"column":81}}]}},"code":["module.exports = function(exitCode, platform, nodeVersion, exit, nodeExit) {","  if(isWindows(platform) && olderThan12(nodeVersion)) {","    nodeExit(exitCode);","  }","  else {","    exit(exitCode);","  }","};","","function isWindows(platform) {","  return /^win/.test(platform);","}","","function olderThan12(nodeVersion) {","  var version = nodeVersion.split('.');","  return parseInt(version[0].substr(1), 10) <= 0 && parseInt(version[1], 10) < 12;","}"],"l":{"1":1,"2":0,"3":0,"6":0,"10":1,"11":0,"14":1,"15":0,"16":0}},"/home/travis/build/npmtest/node-npmtest-jasmine/jasmine/lib/reporters/completion_reporter.js":{"path":"/home/travis/build/npmtest/node-npmtest-jasmine/jasmine/lib/reporters/completion_reporter.js","s":{"1":1,"2":0,"3":0,"4":0,"5":0,"6":0,"7":0,"8":0,"9":0,"10":0,"11":0,"12":0,"13":0,"14":0,"15":0},"b":{"1":[0,0],"2":[0,0,0],"3":[0,0],"4":[0,0],"5":[0,0]},"f":{"1":0,"2":0,"3":0,"4":0,"5":0,"6":0},"fnMap":{"1":{"name":"(anonymous_1)","line":1,"loc":{"start":{"line":1,"column":17},"end":{"line":1,"column":28}}},"2":{"name":"(anonymous_2)","line":3,"loc":{"start":{"line":3,"column":27},"end":{"line":3,"column":38}}},"3":{"name":"(anonymous_3)","line":5,"loc":{"start":{"line":5,"column":20},"end":{"line":5,"column":39}}},"4":{"name":"(anonymous_4)","line":9,"loc":{"start":{"line":9,"column":21},"end":{"line":9,"column":38}}},"5":{"name":"(anonymous_5)","line":16,"loc":{"start":{"line":16,"column":18},"end":{"line":16,"column":35}}},"6":{"name":"(anonymous_6)","line":22,"loc":{"start":{"line":22,"column":19},"end":{"line":22,"column":36}}}},"statementMap":{"1":{"start":{"line":1,"column":0},"end":{"line":27,"column":2}},"2":{"start":{"line":2,"column":2},"end":{"line":2,"column":21}},"3":{"start":{"line":3,"column":2},"end":{"line":3,"column":41}},"4":{"start":{"line":5,"column":2},"end":{"line":7,"column":4}},"5":{"start":{"line":6,"column":4},"end":{"line":6,"column":34}},"6":{"start":{"line":9,"column":2},"end":{"line":14,"column":4}},"7":{"start":{"line":10,"column":4},"end":{"line":12,"column":5}},"8":{"start":{"line":11,"column":6},"end":{"line":11,"column":22}},"9":{"start":{"line":13,"column":4},"end":{"line":13,"column":32}},"10":{"start":{"line":16,"column":2},"end":{"line":20,"column":4}},"11":{"start":{"line":17,"column":4},"end":{"line":19,"column":5}},"12":{"start":{"line":18,"column":6},"end":{"line":18,"column":22}},"13":{"start":{"line":22,"column":2},"end":{"line":26,"column":4}},"14":{"start":{"line":23,"column":4},"end":{"line":25,"column":5}},"15":{"start":{"line":24,"column":6},"end":{"line":24,"column":22}}},"branchMap":{"1":{"line":10,"type":"if","locations":[{"start":{"line":10,"column":4},"end":{"line":10,"column":4}},{"start":{"line":10,"column":4},"end":{"line":10,"column":4}}]},"2":{"line":10,"type":"binary-expr","locations":[{"start":{"line":10,"column":8},"end":{"line":10,"column":14}},{"start":{"line":10,"column":18},"end":{"line":10,"column":43}},{"start":{"line":10,"column":47},"end":{"line":10,"column":83}}]},"3":{"line":17,"type":"if","locations":[{"start":{"line":17,"column":4},"end":{"line":17,"column":4}},{"start":{"line":17,"column":4},"end":{"line":17,"column":4}}]},"4":{"line":23,"type":"if","locations":[{"start":{"line":23,"column":4},"end":{"line":23,"column":4}},{"start":{"line":23,"column":4},"end":{"line":23,"column":4}}]},"5":{"line":23,"type":"binary-expr","locations":[{"start":{"line":23,"column":8},"end":{"line":23,"column":33}},{"start":{"line":23,"column":37},"end":{"line":23,"column":73}}]}},"code":["module.exports = function() {","  var results = true;","  var onCompleteCallback = function() {};","","  this.onComplete = function(callback) {","    onCompleteCallback = callback;","  };","","  this.jasmineDone = function(result) {","    if (result && result.failedExpectations && result.failedExpectations.length > 0) {","      results = false;","    }","    onCompleteCallback(results);","  };","","  this.specDone = function(result) {","    if(result.status === 'failed') {","      results = false;","    }","  };","","  this.suiteDone = function(result) {","    if (result.failedExpectations && result.failedExpectations.length > 0) {","      results = false;","    }","  };","};",""],"l":{"1":1,"2":0,"3":0,"5":0,"6":0,"9":0,"10":0,"11":0,"13":0,"16":0,"17":0,"18":0,"22":0,"23":0,"24":0}},"/home/travis/build/npmtest/node-npmtest-jasmine/jasmine/lib/filters/console_spec_filter.js":{"path":"/home/travis/build/npmtest/node-npmtest-jasmine/jasmine/lib/filters/console_spec_filter.js","s":{"1":1,"2":1,"3":0,"4":0,"5":0,"6":0},"b":{"1":[0,0]},"f":{"1":0,"2":0},"fnMap":{"1":{"name":"ConsoleSpecFilter","line":3,"loc":{"start":{"line":3,"column":0},"end":{"line":3,"column":36}}},"2":{"name":"(anonymous_2)","line":7,"loc":{"start":{"line":7,"column":17},"end":{"line":7,"column":36}}}},"statementMap":{"1":{"start":{"line":1,"column":0},"end":{"line":1,"column":45}},"2":{"start":{"line":3,"column":0},"end":{"line":10,"column":1}},"3":{"start":{"line":4,"column":2},"end":{"line":4,"column":53}},"4":{"start":{"line":5,"column":2},"end":{"line":5,"column":47}},"5":{"start":{"line":7,"column":2},"end":{"line":9,"column":4}},"6":{"start":{"line":8,"column":4},"end":{"line":8,"column":40}}},"branchMap":{"1":{"line":4,"type":"binary-expr","locations":[{"start":{"line":4,"column":21},"end":{"line":4,"column":28}},{"start":{"line":4,"column":32},"end":{"line":4,"column":52}}]}},"code":["module.exports = exports = ConsoleSpecFilter;","","function ConsoleSpecFilter(options) {","  var filterString = options && options.filterString;","  var filterPattern = new RegExp(filterString);","","  this.matches = function(specName) {","    return filterPattern.test(specName);","  };","}",""],"l":{"1":1,"3":1,"4":0,"5":0,"7":0,"8":0}},"/home/travis/build/npmtest/node-npmtest-jasmine/jasmine/lib/reporters/console_reporter.js":{"path":"/home/travis/build/npmtest/node-npmtest-jasmine/jasmine/lib/reporters/console_reporter.js","s":{"1":1,"2":1,"3":0,"4":1,"5":0,"6":0,"7":0,"8":0,"9":0,"10":0,"11":0,"12":0,"13":0,"14":0,"15":0,"16":0,"17":0,"18":0,"19":0,"20":0,"21":0,"22":0,"23":0,"24":0,"25":0,"26":0,"27":0,"28":0,"29":0,"30":0,"31":0,"32":0,"33":0,"34":0,"35":0,"36":0,"37":0,"38":0,"39":0,"40":0,"41":0,"42":0,"43":0,"44":0,"45":0,"46":0,"47":0,"48":0,"49":0,"50":0,"51":0,"52":0,"53":0,"54":0,"55":0,"56":0,"57":0,"58":0,"59":0,"60":0,"61":0,"62":0,"63":0,"64":0,"65":0,"66":0,"67":0,"68":0,"69":0,"70":0,"71":0,"72":0,"73":0,"74":0,"75":0,"76":0,"77":0,"78":0,"79":0,"80":0,"81":0,"82":1,"83":0,"84":1,"85":0,"86":1,"87":0,"88":1,"89":0,"90":0,"91":0,"92":0,"93":1,"94":0,"95":0,"96":0,"97":0,"98":0,"99":1,"100":0,"101":0,"102":0,"103":0,"104":0,"105":1,"106":0,"107":0,"108":0,"109":0,"110":0,"111":0,"112":0,"113":0,"114":0,"115":0,"116":0,"117":0,"118":0,"119":0,"120":1,"121":0,"122":0,"123":0,"124":0,"125":0,"126":0,"127":1,"128":0,"129":0,"130":0,"131":0,"132":0,"133":0,"134":0,"135":0,"136":0,"137":0},"b":{"1":[0,0],"2":[0,0],"3":[0,0],"4":[0,0],"5":[0,0],"6":[0,0],"7":[0,0],"8":[0,0],"9":[0,0],"10":[0,0],"11":[0,0],"12":[0,0],"13":[0,0],"14":[0,0],"15":[0,0],"16":[0,0,0],"17":[0,0],"18":[0,0],"19":[0,0],"20":[0,0],"21":[0,0],"22":[0,0],"23":[0,0],"24":[0,0],"25":[0,0],"26":[0,0],"27":[0,0]},"f":{"1":0,"2":0,"3":0,"4":0,"5":0,"6":0,"7":0,"8":0,"9":0,"10":0,"11":0,"12":0,"13":0,"14":0,"15":0,"16":0,"17":0,"18":0,"19":0,"20":0,"21":0},"fnMap":{"1":{"name":"(anonymous_1)","line":4,"loc":{"start":{"line":4,"column":9},"end":{"line":4,"column":19}}},"2":{"name":"(anonymous_2)","line":5,"loc":{"start":{"line":5,"column":11},"end":{"line":5,"column":21}}},"3":{"name":"ConsoleReporter","line":8,"loc":{"start":{"line":8,"column":0},"end":{"line":8,"column":27}}},"4":{"name":"(anonymous_4)","line":9,"loc":{"start":{"line":9,"column":14},"end":{"line":9,"column":25}}},"5":{"n
[...]
e":57,"column":21}},"26":{"start":{"line":58,"column":4},"end":{"line":58,"column":19}},"27":{"start":{"line":59,"column":4},"end":{"line":59,"column":18}},"28":{"start":{"line":62,"column":2},"end":{"line":117,"column":4}},"29":{"start":{"line":63,"column":4},"end":{"line":63,"column":19}},"30":{"start":{"line":64,"column":4},"end":{"line":64,"column":19}},"31":{"start":{"line":65,"column":4},"end":{"line":67,"column":5}},"32":{"start":{"line":66,"column":6},"end":{"line":66,"column":25}},"33":{"start":{"line":68,"column":4},"end":{"line":70,"column":5}},"34":{"start":{"line":69,"column":6},"end":{"line":69,"column":48}},"35":{"start":{"line":72,"column":4},"end":{"line":74,"column":5}},"36":{"start":{"line":73,"column":6},"end":{"line":73,"column":24}},"37":{"start":{"line":75,"column":4},"end":{"line":77,"column":5}},"38":{"start":{"line":76,"column":6},"end":{"line":76,"column":49}},"39":{"start":{"line":79,"column":4},"end":{"line":96,"column":5}},"40":{"start":{"line":80,"column":6},"end":{"line":80,"column":21}},"41":{"start":{"line":82,"column":6},"end":{"line":85,"column":7}},"42":{"start":{"line":83,"column":8},"end":{"line":83,"column":94}},"43":{"start":{"line":84,"column":8},"end":{"line":84,"column":23}},"44":{"start":{"line":86,"column":6},"end":{"line":87,"column":61}},"45":{"start":{"line":89,"column":6},"end":{"line":91,"column":7}},"46":{"start":{"line":90,"column":8},"end":{"line":90,"column":101}},"47":{"start":{"line":93,"column":6},"end":{"line":93,"column":24}},"48":{"start":{"line":95,"column":6},"end":{"line":95,"column":30}},"49":{"start":{"line":98,"column":4},"end":{"line":98,"column":19}},"50":{"start":{"line":99,"column":4},"end":{"line":99,"column":41}},"51":{"start":{"line":100,"column":4},"end":{"line":100,"column":70}},"52":{"start":{"line":101,"column":4},"end":{"line":101,"column":19}},"53":{"start":{"line":103,"column":4},"end":{"line":105,"column":5}},"54":{"start":{"line":104,"column":6},"end":{"line":104,"column":43}},"55":{"start":{"line":107,"column":4},"end":{"line":109,"column":5}},"56":{"start":{"line":108,"column":6},"end":{"line":108,"column":34}},"57":{"start":{"line":111,"column":4},"end":{"line":114,"column":5}},"58":{"start":{"line":112,"column":6},"end":{"line":112,"column":57}},"59":{"start":{"line":113,"column":6},"end":{"line":113,"column":21}},"60":{"start":{"line":116,"column":4},"end":{"line":116,"column":35}},"61":{"start":{"line":119,"column":2},"end":{"line":141,"column":4}},"62":{"start":{"line":120,"column":4},"end":{"line":120,"column":16}},"63":{"start":{"line":122,"column":4},"end":{"line":127,"column":5}},"64":{"start":{"line":123,"column":6},"end":{"line":123,"column":32}},"65":{"start":{"line":124,"column":6},"end":{"line":124,"column":28}},"66":{"start":{"line":125,"column":6},"end":{"line":125,"column":36}},"67":{"start":{"line":126,"column":6},"end":{"line":126,"column":13}},"68":{"start":{"line":129,"column":4},"end":{"line":133,"column":5}},"69":{"start":{"line":130,"column":6},"end":{"line":130,"column":28}},"70":{"start":{"line":131,"column":6},"end":{"line":131,"column":35}},"71":{"start":{"line":132,"column":6},"end":{"line":132,"column":13}},"72":{"start":{"line":135,"column":4},"end":{"line":140,"column":5}},"73":{"start":{"line":136,"column":6},"end":{"line":136,"column":21}},"74":{"start":{"line":137,"column":6},"end":{"line":137,"column":31}},"75":{"start":{"line":138,"column":6},"end":{"line":138,"column":28}},"76":{"start":{"line":139,"column":6},"end":{"line":139,"column":33}},"77":{"start":{"line":143,"column":2},"end":{"line":148,"column":4}},"78":{"start":{"line":144,"column":4},"end":{"line":147,"column":5}},"79":{"start":{"line":145,"column":6},"end":{"line":145,"column":21}},"80":{"start":{"line":146,"column":6},"end":{"line":146,"column":32}},"81":{"start":{"line":150,"column":2},"end":{"line":150,"column":14}},"82":{"start":{"line":152,"column":2},"end":{"line":154,"column":3}},"83":{"start":{"line":153,"column":4},"end":{"line":153,"column":16}},"84":{"start":{"line":156,"column":2},"end":{"line":158,"column":3}},"85":{"start":{"line":157,"column":4},"end":{"line":157,"column":62}},"86":{"start":{"line":160,"column":2},"end":{"line":162,"column":3}},"87":{"start":{"line":161,"column":4},"end":{"line":161,"column":40}},"88":{"start":{"line":164,"column":2},"end":{"line":170,"column":3}},"89":{"start":{"line":165,"column":4},"end":{"line":165,"column":17}},"90":{"start":{"line":166,"column":4},"end":{"line":168,"column":5}},"91":{"start":{"line":167,"column":6},"end":{"line":167,"column":22}},"92":{"start":{"line":169,"column":4},"end":{"line":169,"column":15}},"93":{"start":{"line":172,"column":2},"end":{"line":179,"column":3}},"94":{"start":{"line":173,"column":4},"end":{"line":173,"column":40}},"95":{"start":{"line":174,"column":4},"end":{"line":174,"column":20}},"96":{"start":{"line":175,"column":4},"end":{"line":177,"column":5}},"97":{"start":{"line":176,"column":6},"end":{"line":176,"column":59}},"98":{"start":{"line":178,"column":4},"end":{"line":178,"column":29}},"99":{"start":{"line":181,"column":2},"end":{"line":190,"column":3}},"100":{"start":{"line":182,"column":4},"end":{"line":184,"column":5}},"101":{"start":{"line":183,"column":6},"end":{"line":183,"column":16}},"102":{"start":{"line":186,"column":4},"end":{"line":188,"column":18}},"103":{"start":{"line":187,"column":6},"end":{"line":187,"column":55}},"104":{"start":{"line":189,"column":4},"end":{"line":189,"column":25}},"105":{"start":{"line":192,"column":2},"end":{"line":210,"column":3}},"106":{"start":{"line":193,"column":4},"end":{"line":193,"column":19}},"107":{"start":{"line":194,"column":4},"end":{"line":194,"column":35}},"108":{"start":{"line":195,"column":4},"end":{"line":195,"column":27}},"109":{"start":{"line":197,"column":4},"end":{"line":207,"column":5}},"110":{"start":{"line":198,"column":6},"end":{"line":198,"column":59}},"111":{"start":{"line":199,"column":6},"end":{"line":199,"column":21}},"112":{"start":{"line":200,"column":6},"end":{"line":200,"column":35}},"113":{"start":{"line":201,"column":6},"end":{"line":201,"column":21}},"114":{"start":{"line":202,"column":6},"end":{"line":202,"column":66}},"115":{"start":{"line":203,"column":6},"end":{"line":203,"column":21}},"116":{"start":{"line":204,"column":6},"end":{"line":204,"column":33}},"117":{"start":{"line":205,"column":6},"end":{"line":205,"column":21}},"118":{"start":{"line":206,"column":6},"end":{"line":206,"column":61}},"119":{"start":{"line":209,"column":4},"end":{"line":209,"column":19}},"120":{"start":{"line":212,"column":2},"end":{"line":221,"column":3}},"121":{"start":{"line":213,"column":4},"end":{"line":219,"column":5}},"122":{"start":{"line":214,"column":6},"end":{"line":214,"column":21}},"123":{"start":{"line":215,"column":6},"end":{"line":215,"column":66}},"124":{"start":{"line":216,"column":6},"end":{"line":216,"column":21}},"125":{"start":{"line":217,"column":6},"end":{"line":217,"column":80}},"126":{"start":{"line":220,"column":4},"end":{"line":220,"column":19}},"127":{"start":{"line":223,"column":2},"end":{"line":235,"column":3}},"128":{"start":{"line":224,"column":4},"end":{"line":224,"column":19}},"129":{"start":{"line":225,"column":4},"end":{"line":225,"column":19}},"130":{"start":{"line":226,"column":4},"end":{"line":226,"column":36}},"131":{"start":{"line":227,"column":4},"end":{"line":227,"column":27}},"132":{"start":{"line":228,"column":4},"end":{"line":228,"column":19}},"133":{"start":{"line":229,"column":4},"end":{"line":229,"column":42}},"134":{"start":{"line":230,"column":4},"end":{"line":232,"column":5}},"135":{"start":{"line":231,"column":6},"end":{"line":231,"column":43}},"136":{"start":{"line":233,"column":4},"end":{"line":233,"column":55}},"137":{"start":{"line":234,"column":4},"end":{"line":234,"column":19}}},"branchMap":{"1":{"line":30,"type":"if","locations":[{"start":{"line":30,"column":4},"end":{"line":30,"column":4}},{"start":{"line":30,"column":4},"end":{"line":30,"column":4}}]},"2":{"line":33,"type":"binary-expr","locations":[{"start":{"line":33,"column":17},"end":{"line":33,"column":35}},{"start":{"line":33,"column":39},"end":{"line":33,"column":44}}]},"3":{"line":34,"type":"if","locations":[{"start":{"line":34,"column":4},"end":{"line":34,"column":4}},{"start":{"line":34,"column":4},"end":{"line":34,"column":4}}]},"4":{"line":37,"type":"if","locations":[{"start":{"line":37,"column":4},"end":{"line":37,"column":4}},{"start":{"line":37,"column":4},"end":{"line":37,"column":4}}]},"5":{"line":40,"type":"if","locations":[{"start":{"line":40,"column":4},"end":{"line":40,"column":4}},{"start":{"line":40,"column":4},"end":{"line":40,"column":4}}]},"6":{"line":43,"type":"if","locations":[{"start":{"line":43,"column":4},"end":{"line":43,"column":4}},{"start":{"line":43,"column":4},"end":{"line":43,"column":4}}]},"7":{"line":47,"type":"if","locations":[{"start":{"line":47,"column":4},"end":{"line":47,"column":4}},{"start":{"line":47,"column":4},"end":{"line":47,"column":4}}]},"8":{"line":65,"type":"if","locations":[{"start":{"line":65,"column":4},"end":{"line":65,"column":4}},{"start":{"line":65,"column":4},"end":{"line":65,"column":4}}]},"9":{"line":72,"type":"if","locations":[{"start":{"line":72,"column":4},"end":{"line":72,"column":4}},{"start":{"line":72,"column":4},"end":{"line":72,"column":4}}]},"10":{"line":79,"type":"if","locations":[{"start":{"line":79,"column":4},"end":{"line":79,"column":4}},{"start":{"line":79,"column":4},"end":{"line":79,"column":4}}]},"11":{"line":82,"type":"if","locations":[{"start":{"line":82,"column":6},"end":{"line":82,"column":6}},{"start":{"line":82,"column":6},"end":{"line":82,"column":6}}]},"12":{"line":89,"type":"if","locations":[{"start":{"line":89,"column":6},"end":{"line":89,"column":6}},{"start":{"line":89,"column":6},"end":{"line":89,"column":6}}]},"13":{"line":107,"type":"if","locations":[{"start":{"line":107,"column":4},"end":{"line":107,"column":4}},{"start":{"line":107,"column":4},"end":{"line":107,"column":4}}]},"14":{"line":107,"type":"binary-expr","locations":[{"start":{"line":107,"column":8},"end":{"line":107,"column":14}},{"start":{"line":107,"column":18},"end":{"line":107,"column":43}}]},"15":{"line":111,"type":"if","locations":[{"start":{"line":111,"column":4},"end":{"line":111,"column":4}},{"start":{"line":111,"column":4},"end":{"line":111,"column":4}}]},"16":{"line":111,"type":"binary-expr","locations":[{"start":{"line":111,"column":8},"end":{"line":111,"column":14}},{"start":{"line":111,"column":18},"end":{"line":111,"column":30}},{"start":{"line":111,"column":34},"end":{"line":111,"column":53}}]},"17":{"line":122,"type":"if","locations":[{"start":{"line":122,"column":4},"end":{"line":122,"column":4}},{"start":{"line":122,"column":4},"end":{"line":122,"column":4}}]},"18":{"line":129,"type":"if","locations":[{"start":{"line":129,"column":4},"end":{"line":129,"column":4}},{"start":{"line":129,"column":4},"end":{"line":129,"column":4}}]},"19":{"line":135,"type":"if","locations":[{"start":{"line":135,"column":4},"end":{"line":135,"column":4}},{"start":{"line":135,"column":4},"end":{"line":135,"column":4}}]},"20":{"line":144,"type":"if","locations":[{"start":{"line":144,"column":4},"end":{"line":144,"column":4}},{"start":{"line":144,"column":4},"end":{"line":144,"column":4}}]},"21":{"line":144,"type":"binary-expr","locations":[{"start":{"line":144,"column":8},"end":{"line":144,"column":33}},{"start":{"line":144,"column":37},"end":{"line":144,"column":73}}]},"22":{"line":157,"type":"cond-expr","locations":[{"start":{"line":157,"column":25},"end":{"line":157,"column":54}},{"start":{"line":157,"column":58},"end":{"line":157,"column":61}}]},"23":{"line":161,"type":"cond-expr","locations":[{"start":{"line":161,"column":24},"end":{"line":161,"column":27}},{"start":{"line":161,"column":30},"end":{"line":161,"column":39}}]},"24":{"line":173,"type":"binary-expr","locations":[{"start":{"line":173,"column":17},"end":{"line":173,"column":20}},{"start":{"line":173,"column":24},"end":{"line":173,"column":26}}]},"25":{"line":182,"type":"if","locations":[{"start":{"line":182,"column":4},"end":{"line":182,"column":4}},{"start":{"line":182,"column":4},"end":{"line":182,"column":4}}]},"26":{"line":230,"type":"if","locations":[{"start":{"line":230,"column":4},"end":{"line":230,"column":4}},{"start":{"line":230,"column":4},"end":{"line":230,"column":4}}]},"27":{"line":230,"type":"binary-expr","locations":[{"start":{"line":230,"column":8},"end":{"line":230,"column":28}},{"start":{"line":230,"column":32},"end":{"line":230,"column":59}}]}},"code":["module.exports = exports = ConsoleReporter;","","var noopTimer = {","  start: function(){},","  elapsed: function(){ return 0; }","};","","function ConsoleReporter() {","  var print = function() {},","    showColors = false,","    timer = noopTimer,","    jasmineCorePath = null,","    printDeprecation = function() {},","    specCount,","    executableSpecCount,","    failureCount,","    failedSpecs = [],","    pendingSpecs = [],","    ansi = {","      green: '\\x1B[32m',","      red: '\\x1B[31m',","      yellow: '\\x1B[33m',","      none: '\\x1B[0m'","    },","    failedSuites = [],","    stackFilter = defaultStackFilter,","    onComplete = function() {};","","  this.setOptions = function(options) {","    if (options.print) {","      print = options.print;","    }","    showColors = options.showColors || false;","    if (options.timer) {","      timer = options.timer;","    }","    if (options.jasmineCorePath) {","      jasmineCorePath = options.jasmineCorePath;","    }","    if (options.printDeprecation) {","      printDeprecation = options.printDeprecation;","    }","    if (options.stackFilter) {","      stackFilter = options.stackFilter;","    }","","    if(options.onComplete) {","      printDeprecation('Passing in an onComplete function to the ConsoleReporter is deprecated.');","      onComplete = options.onComplete;","    }","  };","","  this.jasmineStarted = function() {","    specCount = 0;","    executableSpecCount = 0;","    failureCount = 0;","    print('Started');","    printNewline();","    timer.start();","  };","","  this.jasmineDone = function(result) {","    printNewline();","    printNewline();","    if(failedSpecs.length > 0) {","      print('Failures:');","    }","    for (var i = 0; i < failedSpecs.length; i++) {","      specFailureDetails(failedSpecs[i], i + 1);","    }","","    if (pendingSpecs.length > 0) {","      print(\"Pending:\");","    }","    for(i = 0; i < pendingSpecs.length; i++) {","      pendingSpecDetails(pendingSpecs[i], i + 1);","    }","","    if(specCount > 0) {","      printNewline();","","      if(executableSpecCount !== specCount) {","        print('Ran ' + executableSpecCount + ' of ' + specCount + plural(' spec', specCount));","        printNewline();","      }","      var specCounts = executableSpecCount + ' ' + plural('spec', executableSpecCount) + ', ' +","        failureCount + ' ' + plural('failure', failureCount);","","      if (pendingSpecs.length) {","        specCounts += ', ' + pendingSpecs.length + ' pending ' + plural('spec', pendingSpecs.length);","      }","","      print(specCounts);","    } else {","      print('No specs found');","    }","","    printNewline();","    var seconds = timer.elapsed() / 1000;","    print('Finished in ' + seconds + ' ' + plural('second', seconds));","    printNewline();","","    for(i = 0; i < failedSuites.length; i++) {","      suiteFailureDetails(failedSuites[i]);","    }","","    if (result && result.failedExpectations) {","      suiteFailureDetails(result);","    }","","    if (result && result.order && result.order.random) {","      print('Randomized with seed ' + result.order.seed);","      printNewline();","    }","","    onComplete(failureCount === 0);","  };","","  this.specDone = function(result) {","    specCount++;","","    if (result.status == 'pending') {","      pendingSpecs.push(result);","      executableSpecCount++;","      print(colored('yellow', '*'));","      return;","    }","","    if (result.status == 'passed') {","      executableSpecCount++;","      print(colored('green', '.'));","      return;","    }","","    if (result.status == 'failed') {","      failureCount++;","      failedSpecs.push(result);","      executableSpecCount++;","      print(colored('red', 'F'));","    }","  };","","  this.suiteDone = function(result) {","    if (result.failedExpectations && result.failedExpectations.length > 0) {","      failureCount++;","      failedSuites.push(result);","    }","  };","","  return this;","","  function printNewline() {","    print('\\n');","  }","","  function colored(color, str) {","    return showColors ? (ansi[color] + str + ansi.none) : str;","  }","","  function plural(str, count) {","    return count == 1 ? str : str + 's';","  }","","  function repeat(thing, times) {","    var arr = [];","    for (var i = 0; i < times; i++) {","      arr.push(thing);","    }","    return arr;","  }","","  function indent(str, spaces) {","    var lines = (str || '').split('\\n');","    var newArr = [];","    for (var i = 0; i < lines.length; i++) {","      newArr.push(repeat(' ', spaces).join('') + lines[i]);","    }","    return newArr.join('\\n');","  }","","  function defaultStackFilter(stack) {","    if (!stack) {","      return '';","    }","","    var filteredStack = stack.split('\\n').filter(function(stackLine) {","      return stackLine.indexOf(jasmineCorePath) === -1;","    }).join('\\n');","    return filteredStack;","  }","","  function specFailureDetails(result, failedSpecNumber) {","    printNewline();","    print(failedSpecNumber + ') ');","    print(result.fullName);","","    for (var i = 0; i < result.failedExpectations.length; i++) {","      var failedExpectation = result.failedExpectations[i];","      printNewline();","      print(indent('Message:', 2));","      printNewline();","      print(colored('red', indent(failedExpectation.message, 4)));","      printNewline();","      print(indent('Stack:', 2));","      printNewline();","      print(indent(stackFilter(failedExpectation.stack), 4));","    }","","    printNewline();","  }","","  function suiteFailureDetails(result) {","    for (var i = 0; i < result.failedExpectations.length; i++) {","      printNewline();","      print(colored('red', 'An error was thrown in an afterAll'));","      printNewline();","      print(colored('red', 'AfterAll ' + result.failedExpectations[i].message));","","    }","    printNewline();","  }","","  function pendingSpecDetails(result, pendingSpecNumber) {","    printNewline();","    printNewline();","    print(pendingSpecNumber + ') ');","    print(result.fullName);","    printNewline();","    var pendingReason = \"No reason given\";","    if (result.pendingReason && result.pendingReason !== '') {","      pendingReason = result.pendingReason;","    }","    print(indent(colored('yellow', pendingReason), 2));","    printNewline();","  }","}",""],"l":{"1":1,"3":1,"5":0,"8":1,"9":0,"29":0,"30":0,"31":0,"33":0,"34":0,"35":0,"37":0,"38":0,"40":0,"41":0,"43":0,"44":0,"47":0,"48":0,"49":0,"53":0,"54":0,"55":0,"56":0,"57":0,"58":0,"59":0,"62":0,"63":0,"64":0,"65":0,"66":0,"68":0,"69":0,"72":0,"73":0,"75":0,"76":0,"79":0,"80":0,"82":0,"83":0,"84":0,"86":0,"89":0,"90":0,"93":0,"95":0,"98":0,"99":0,"100":0,"101":0,"103":0,"104":0,"107":0,"108":0,"111":0,"112":0,"113":0,"116":0,"119":0,"120":0,"122":0,"123":0,"124":0,"125":0,"126":0,"129":0,"130":0,"131":0,"132":0,"135":0,"136":0,"137":0,"138":0,"139":0,"143":0,"144":0,"145":0,"146":0,"150":0,"152":1,"153":0,"156":1,"157":0,"160":1,"161":0,"164":1,"165":0,"166":0,"167":0,"169":0,"172":1,"173":0,"174":0,"175":0,"176":0,"178":0,"181":1,"182":0,"183":0,"186":0,"187":0,"189":0,"192":1,"193":0,"194":0,"195":0,"197":0,"198":0,"199":0,"200":0,"201":0,"202":0,"203":0,"204":0,"205":0,"206":0,"209":0,"212":1,"213":0,"214":0,"215":0,"216":0,"217":0,"220":0,"223":1,"224":0,"225":0,"226":0,"227":0,"228":0,"229":0,"230":0,"231":0,"233":0,"234":0}}}